2012/12/18 13:17:29 [error] [php] include(SoapClient.php): failed to open stream: No such file or directory (D:\server\home\frameworks\yii\framework\YiiBase.php:423)
Stack trace:
#0 D:\server\home\frameworks\yii\apps\testapp\protected\components\SoapComponent.php(17): spl_autoload_call()
#1 D:\server\home\frameworks\yii\framework\base\CModule.php(388): SoapComponent->init()
#2 D:\server\home\frameworks\yii\framework\base\CModule.php(104): CWebApplication->getComponent()
#3 D:\server\home\frameworks\yii\apps\testapp\protected\controllers\SiteController.php(32): CWebApplication->__get()
#4 D:\server\home\frameworks\yii\framework\web\actions\CInlineAction.php(50): SiteController->actionIndex()
#5 D:\server\home\frameworks\yii\framework\web\CController.php(309): CInlineAction->runWithParams()
#6 D:\server\home\frameworks\yii\framework\web\CController.php(287): SiteController->runAction()
#7 D:\server\home\frameworks\yii\framework\web\CController.php(266): SiteController->runActionWithFilters()
#8 D:\server\home\frameworks\yii\framework\web\CWebApplication.php(283): SiteController->run()
#9 D:\server\home\frameworks\yii\framework\web\CWebApplication.php(142): CWebApplication->runController()
#10 D:\server\home\frameworks\yii\framework\base\CApplication.php(163): CWebApplication->processRequest()
#11 D:\server\home\frameworks\yii\apps\testapp\index.php(13): CWebApplication->run()
REQUEST_URI=/apps/testapp/index.php?r=site/index
in D:\server\home\frameworks\yii\apps\testapp\protected\components\SoapComponent.php (17)
in D:\server\home\frameworks\yii\apps\testapp\protected\controllers\SiteController.php (32)
in D:\server\home\frameworks\yii\apps\testapp\index.php (13)
2012/12/18 13:18:09 [error] [php] include(SoapClient.php): failed to open stream: No such file or directory (D:\server\home\frameworks\yii\framework\YiiBase.php:423)
Stack trace:
#0 D:\server\home\frameworks\yii\apps\testapp\protected\components\SoapComponent.php(17): spl_autoload_call()
#1 D:\server\home\frameworks\yii\framework\base\CModule.php(388): SoapComponent->init()
#2 D:\server\home\frameworks\yii\framework\base\CModule.php(104): CWebApplication->getComponent()
#3 D:\server\home\frameworks\yii\apps\testapp\protected\controllers\SiteController.php(33): CWebApplication->__get()
#4 D:\server\home\frameworks\yii\framework\web\actions\CInlineAction.php(50): SiteController->actionIndex()
#5 D:\server\home\frameworks\yii\framework\web\CController.php(309): CInlineAction->runWithParams()
#6 D:\server\home\frameworks\yii\framework\web\CController.php(287): SiteController->runAction()
#7 D:\server\home\frameworks\yii\framework\web\CController.php(266): SiteController->runActionWithFilters()
#8 D:\server\home\frameworks\yii\framework\web\CWebApplication.php(283): SiteController->run()
#9 D:\server\home\frameworks\yii\framework\web\CWebApplication.php(142): CWebApplication->runController()
#10 D:\server\home\frameworks\yii\framework\base\CApplication.php(163): CWebApplication->processRequest()
#11 D:\server\home\frameworks\yii\apps\testapp\index.php(13): CWebApplication->run()
REQUEST_URI=/apps/testapp/index.php?r=site/index
in D:\server\home\frameworks\yii\apps\testapp\protected\components\SoapComponent.php (17)
in D:\server\home\frameworks\yii\apps\testapp\protected\controllers\SiteController.php (33)
in D:\server\home\frameworks\yii\apps\testapp\index.php (13)
2012/12/18 13:20:41 [error] [exception.CException] exception 'CException' with message 'Property "SoapComponent._wsdl" is not defined.' in D:\server\home\frameworks\yii\framework\base\CComponent.php:131
Stack trace:
#0 D:\server\home\frameworks\yii\apps\testapp\protected\components\SoapComponent.php(17): CComponent->__get('_wsdl')
#1 D:\server\home\frameworks\yii\framework\base\CModule.php(388): SoapComponent->init()
#2 D:\server\home\frameworks\yii\framework\base\CModule.php(104): CModule->getComponent('soap')
#3 D:\server\home\frameworks\yii\apps\testapp\protected\controllers\SiteController.php(33): CModule->__get('soap')
#4 D:\server\home\frameworks\yii\framework\web\actions\CInlineAction.php(50): SiteController->actionIndex()
#5 D:\server\home\frameworks\yii\framework\web\CController.php(309): CInlineAction->runWithParams(Array)
#6 D:\server\home\frameworks\yii\framework\web\CController.php(287): CController->runAction(Object(CInlineAction))
#7 D:\server\home\frameworks\yii\framework\web\CController.php(266): CController->runActionWithFilters(Object(CInlineAction), Array)
#8 D:\server\home\frameworks\yii\framework\web\CWebApplication.php(283): CController->run('index')
#9 D:\server\home\frameworks\yii\framework\web\CWebApplication.php(142): CWebApplication->runController('site/index')
#10 D:\server\home\frameworks\yii\framework\base\CApplication.php(163): CWebApplication->processRequest()
#11 D:\server\home\frameworks\yii\apps\testapp\index.php(13): CApplication->run()
#12 {main}
REQUEST_URI=/apps/testapp/index.php?r=site/index
HTTP_REFERER=http://yury.yii.framework.ru/apps/testapp/index.php?r=site/contact
---
2012/12/18 16:13:49 [error] [exception.CException] exception 'CException' with message 'SoapComponent and its behaviors do not have a method or closure named "get_soap_client".' in D:\server\home\frameworks\yii\framework\base\CComponent.php:265
Stack trace:
#0 D:\server\home\frameworks\yii\apps\testapp\protected\controllers\SiteController.php(33): CComponent->__call('get_soap_client', Array)
#1 D:\server\home\frameworks\yii\apps\testapp\protected\controllers\SiteController.php(33): SoapComponent->get_soap_client()
#2 D:\server\home\frameworks\yii\framework\web\actions\CInlineAction.php(49): SiteController->actionIndex()
#3 D:\server\home\frameworks\yii\framework\web\CController.php(308): CInlineAction->runWithParams(Array)
#4 D:\server\home\frameworks\yii\framework\web\CController.php(286): CController->runAction(Object(CInlineAction))
#5 D:\server\home\frameworks\yii\framework\web\CController.php(265): CController->runActionWithFilters(Object(CInlineAction), Array)
#6 D:\server\home\frameworks\yii\framework\web\CWebApplication.php(282): CController->run('index')
#7 D:\server\home\frameworks\yii\framework\web\CWebApplication.php(141): CWebApplication->runController('site/index')
#8 D:\server\home\frameworks\yii\framework\base\CApplication.php(170): CWebApplication->processRequest()
#9 D:\server\home\frameworks\yii\apps\testapp\index.php(13): CApplication->run()
#10 {main}
REQUEST_URI=/apps/testapp/index.php?r=site/index
HTTP_REFERER=http://yury.yii.framework.ru/apps/testapp/index.php?r=site/index
---
2012/12/18 16:14:17 [error] [exception.SoapFault] SoapFault exception: [HTTP] Could not connect to host in D:\server\home\frameworks\yii\apps\testapp\protected\controllers\SiteController.php:33
Stack trace:
#0 [internal function]: SoapClient->__doRequest('<?xml version="...', 'http://morpher....', 'http://morpher....', 2, 0)
#1 D:\server\home\frameworks\yii\apps\testapp\protected\controllers\SiteController.php(33): SoapClient->__call('PropisRUB', Array)
#2 D:\server\home\frameworks\yii\apps\testapp\protected\controllers\SiteController.php(33): SoapClient->PropisRUB(Array)
#3 D:\server\home\frameworks\yii\framework\web\actions\CInlineAction.php(49): SiteController->actionIndex()
#4 D:\server\home\frameworks\yii\framework\web\CController.php(308): CInlineAction->runWithParams(Array)
#5 D:\server\home\frameworks\yii\framework\web\CController.php(286): CController->runAction(Object(CInlineAction))
#6 D:\server\home\frameworks\yii\framework\web\CController.php(265): CController->runActionWithFilters(Object(CInlineAction), Array)
#7 D:\server\home\frameworks\yii\framework\web\CWebApplication.php(282): CController->run('index')
#8 D:\server\home\frameworks\yii\framework\web\CWebApplication.php(141): CWebApplication->runController('site/index')
#9 D:\server\home\frameworks\yii\framework\base\CApplication.php(170): CWebApplication->processRequest()
#10 D:\server\home\frameworks\yii\apps\testapp\index.php(13): CApplication->run()
#11 {main}
REQUEST_URI=/apps/testapp/index.php?r=site/index
HTTP_REFERER=http://yury.yii.framework.ru/apps/testapp/index.php?r=site/index
---
2012/12/18 16:35:39 [error] [exception.CHttpException.404] exception 'CHttpException' with message 'The system is unable to find the requested action "page".' in D:\server\home\frameworks\yii\framework\web\CController.php:483
Stack trace:
#0 D:\server\home\frameworks\yii\framework\web\CController.php(270): CController->missingAction('page')
#1 D:\server\home\frameworks\yii\framework\web\CWebApplication.php(282): CController->run('page')
#2 D:\server\home\frameworks\yii\framework\web\CWebApplication.php(141): CWebApplication->runController('site/page')
#3 D:\server\home\frameworks\yii\framework\base\CApplication.php(170): CWebApplication->processRequest()
#4 D:\server\home\frameworks\yii\apps\testapp\index.php(13): CApplication->run()
#5 {main}
REQUEST_URI=/apps/testapp/index.php?r=site/page&view=about
HTTP_REFERER=http://yury.yii.framework.ru/apps/testapp/index.php?r=site/index
---
2012/12/18 16:36:20 [error] [exception.CHttpException.404] exception 'CHttpException' with message 'The system is unable to find the requested action "login".' in D:\server\home\frameworks\yii\framework\web\CController.php:483
Stack trace:
#0 D:\server\home\frameworks\yii\framework\web\CController.php(270): CController->missingAction('login')
#1 D:\server\home\frameworks\yii\framework\web\CWebApplication.php(282): CController->run('login')
#2 D:\server\home\frameworks\yii\framework\web\CWebApplication.php(141): CWebApplication->runController('site/login')
#3 D:\server\home\frameworks\yii\framework\base\CApplication.php(170): CWebApplication->processRequest()
#4 D:\server\home\frameworks\yii\apps\testapp\index.php(13): CApplication->run()
#5 {main}
REQUEST_URI=/apps/testapp/index.php?r=site/login
HTTP_REFERER=http://yury.yii.framework.ru/apps/testapp/index.php?r=site/page&view=about
---
2012/12/18 16:36:22 [error] [exception.CHttpException.404] exception 'CHttpException' with message 'The system is unable to find the requested action "contact".' in D:\server\home\frameworks\yii\framework\web\CController.php:483
Stack trace:
#0 D:\server\home\frameworks\yii\framework\web\CController.php(270): CController->missingAction('contact')
#1 D:\server\home\frameworks\yii\framework\web\CWebApplication.php(282): CController->run('contact')
#2 D:\server\home\frameworks\yii\framework\web\CWebApplication.php(141): CWebApplication->runController('site/contact')
#3 D:\server\home\frameworks\yii\framework\base\CApplication.php(170): CWebApplication->processRequest()
#4 D:\server\home\frameworks\yii\apps\testapp\index.php(13): CApplication->run()
#5 {main}
REQUEST_URI=/apps/testapp/index.php?r=site/contact
HTTP_REFERER=http://yury.yii.framework.ru/apps/testapp/index.php?r=site/login
---
2012/12/18 17:22:42 [error] [exception.CDbException] exception 'CDbException' with message 'CDbConnection.connectionString cannot be empty.' in D:\server\home\frameworks\yii\framework\db\CDbConnection.php:369
Stack trace:
#0 D:\server\home\frameworks\yii\framework\db\CDbConnection.php(330): CDbConnection->open()
#1 D:\server\home\frameworks\yii\framework\db\CDbConnection.php(308): CDbConnection->setActive(true)
#2 D:\server\home\frameworks\yii\framework\base\CModule.php(387): CDbConnection->init()
#3 D:\server\home\frameworks\yii\framework\base\CModule.php(103): CModule->getComponent('db')
#4 D:\server\home\frameworks\yii\framework\gii\generators\crud\CrudCode.php(44): CModule->__get('db')
#5 D:\server\home\frameworks\yii\framework\web\CFormModel.php(39): CrudCode->init()
#6 D:\server\home\frameworks\yii\framework\gii\CCodeGenerator.php(153): CFormModel->__construct()
#7 D:\server\home\frameworks\yii\framework\gii\CCodeGenerator.php(63): CCodeGenerator->prepare()
#8 D:\server\home\frameworks\yii\framework\web\actions\CInlineAction.php(49): CCodeGenerator->actionIndex()
#9 D:\server\home\frameworks\yii\framework\web\CController.php(308): CInlineAction->runWithParams(Array)
#10 D:\server\home\frameworks\yii\framework\web\CController.php(286): CController->runAction(Object(CInlineAction))
#11 D:\server\home\frameworks\yii\framework\web\CController.php(265): CController->runActionWithFilters(Object(CInlineAction), Array)
#12 D:\server\home\frameworks\yii\framework\web\CWebApplication.php(282): CController->run('')
#13 D:\server\home\frameworks\yii\framework\web\CWebApplication.php(141): CWebApplication->runController('gii/bootstrap')
#14 D:\server\home\frameworks\yii\framework\base\CApplication.php(170): CWebApplication->processRequest()
#15 D:\server\home\frameworks\yii\apps\testapp\index.php(13): CApplication->run()
#16 {main}
REQUEST_URI=/apps/testapp/index.php?r=gii/bootstrap
HTTP_REFERER=http://yury.yii.framework.ru/apps/testapp/index.php?r=gii/controller
---
2012/12/18 17:22:57 [error] [exception.CDbException] exception 'CDbException' with message 'CDbConnection.connectionString cannot be empty.' in D:\server\home\frameworks\yii\framework\db\CDbConnection.php:369
Stack trace:
#0 D:\server\home\frameworks\yii\framework\db\CDbConnection.php(330): CDbConnection->open()
#1 D:\server\home\frameworks\yii\framework\db\CDbConnection.php(308): CDbConnection->setActive(true)
#2 D:\server\home\frameworks\yii\framework\base\CModule.php(387): CDbConnection->init()
#3 D:\server\home\frameworks\yii\framework\base\CModule.php(103): CModule->getComponent('db')
#4 D:\server\home\frameworks\yii\framework\gii\generators\crud\CrudCode.php(44): CModule->__get('db')
#5 D:\server\home\frameworks\yii\framework\web\CFormModel.php(39): CrudCode->init()
#6 D:\server\home\frameworks\yii\framework\gii\CCodeGenerator.php(153): CFormModel->__construct()
#7 D:\server\home\frameworks\yii\framework\gii\CCodeGenerator.php(63): CCodeGenerator->prepare()
#8 D:\server\home\frameworks\yii\framework\web\actions\CInlineAction.php(49): CCodeGenerator->actionIndex()
#9 D:\server\home\frameworks\yii\framework\web\CController.php(308): CInlineAction->runWithParams(Array)
#10 D:\server\home\frameworks\yii\framework\web\CController.php(286): CController->runAction(Object(CInlineAction))
#11 D:\server\home\frameworks\yii\framework\web\CController.php(265): CController->runActionWithFilters(Object(CInlineAction), Array)
#12 D:\server\home\frameworks\yii\framework\web\CWebApplication.php(282): CController->run('')
#13 D:\server\home\frameworks\yii\framework\web\CWebApplication.php(141): CWebApplication->runController('gii/crud')
#14 D:\server\home\frameworks\yii\framework\base\CApplication.php(170): CWebApplication->processRequest()
#15 D:\server\home\frameworks\yii\apps\testapp\index.php(13): CApplication->run()
#16 {main}
REQUEST_URI=/apps/testapp/index.php?r=gii/crud
HTTP_REFERER=http://yury.yii.framework.ru/apps/testapp/index.php?r=gii/controller
---
2012/12/19 11:39:28 [error] [php] Illegal string offset 'class' (D:\server\home\frameworks\yii\apps\testapp\protected\extensions\yii-debug-toolbar\YiiDebugToolbar.php:186)
Stack trace:
#0 D:\server\home\frameworks\yii\framework\base\CComponent.php(558): YiiDebugToolbarRoute->onBeginRequest()
#1 D:\server\home\frameworks\yii\framework\base\CApplication.php(197): CWebApplication->raiseEvent()
#2 D:\server\home\frameworks\yii\framework\base\CApplication.php(168): CWebApplication->onBeginRequest()
#3 D:\server\home\frameworks\yii\apps\testapp\index.php(13): CWebApplication->run()
REQUEST_URI=/apps/testapp/
in D:\server\home\frameworks\yii\apps\testapp\protected\extensions\yii-debug-toolbar\YiiDebugToolbar.php (186)
in D:\server\home\frameworks\yii\apps\testapp\protected\extensions\yii-debug-toolbar\YiiDebugToolbar.php (127)
in D:\server\home\frameworks\yii\apps\testapp\protected\extensions\yii-debug-toolbar\YiiDebugToolbarRoute.php (145)
2012/12/19 11:44:37 [error] [php] include(0.php): failed to open stream: No such file or directory (D:\server\home\frameworks\yii\framework\YiiBase.php:421)
Stack trace:
#0 D:\server\home\frameworks\yii\framework\YiiBase.php(196): import()
#1 D:\server\home\frameworks\yii\apps\testapp\protected\extensions\yii-debug-toolbar\YiiDebugToolbar.php(198): createComponent()
#2 D:\server\home\frameworks\yii\apps\testapp\protected\extensions\yii-debug-toolbar\YiiDebugToolbar.php(127): YiiDebugToolbar->createPanels()
#3 D:\server\home\frameworks\yii\apps\testapp\protected\extensions\yii-debug-toolbar\YiiDebugToolbarRoute.php(145): YiiDebugToolbar->init()
#4 D:\server\home\frameworks\yii\framework\base\CComponent.php(558): YiiDebugToolbarRoute->onBeginRequest()
#5 D:\server\home\frameworks\yii\framework\base\CApplication.php(197): CWebApplication->raiseEvent()
#6 D:\server\home\frameworks\yii\framework\base\CApplication.php(168): CWebApplication->onBeginRequest()
#7 D:\server\home\frameworks\yii\apps\testapp\index.php(13): CWebApplication->run()
REQUEST_URI=/apps/testapp/
in D:\server\home\frameworks\yii\apps\testapp\protected\extensions\yii-debug-toolbar\YiiDebugToolbar.php (198)
in D:\server\home\frameworks\yii\apps\testapp\protected\extensions\yii-debug-toolbar\YiiDebugToolbar.php (127)
in D:\server\home\frameworks\yii\apps\testapp\protected\extensions\yii-debug-toolbar\YiiDebugToolbarRoute.php (145)
2012/12/19 11:45:17 [error] [php] include(0.php): failed to open stream: No such file or directory (D:\server\home\frameworks\yii\framework\YiiBase.php:421)
Stack trace:
#0 D:\server\home\frameworks\yii\framework\YiiBase.php(196): import()
#1 D:\server\home\frameworks\yii\apps\testapp\protected\extensions\yii-debug-toolbar\YiiDebugToolbar.php(198): createComponent()
#2 D:\server\home\frameworks\yii\apps\testapp\protected\extensions\yii-debug-toolbar\YiiDebugToolbar.php(127): YiiDebugToolbar->createPanels()
#3 D:\server\home\frameworks\yii\apps\testapp\protected\extensions\yii-debug-toolbar\YiiDebugToolbarRoute.php(145): YiiDebugToolbar->init()
#4 D:\server\home\frameworks\yii\framework\base\CComponent.php(558): YiiDebugToolbarRoute->onBeginRequest()
#5 D:\server\home\frameworks\yii\framework\base\CApplication.php(197): CWebApplication->raiseEvent()
#6 D:\server\home\frameworks\yii\framework\base\CApplication.php(168): CWebApplication->onBeginRequest()
#7 D:\server\home\frameworks\yii\apps\testapp\index.php(13): CWebApplication->run()
REQUEST_URI=/apps/testapp/
in D:\server\home\frameworks\yii\apps\testapp\protected\extensions\yii-debug-toolbar\YiiDebugToolbar.php (198)
in D:\server\home\frameworks\yii\apps\testapp\protected\extensions\yii-debug-toolbar\YiiDebugToolbar.php (127)
in D:\server\home\frameworks\yii\apps\testapp\protected\extensions\yii-debug-toolbar\YiiDebugToolbarRoute.php (145)
2012/12/19 11:58:19 [error] [php] Use of undefined constant nul - assumed 'nul' (D:\server\home\frameworks\yii\framework\YiiBase.php:217)
Stack trace:
#0 D:\server\home\frameworks\yii\apps\testapp\protected\controllers\SiteController.php(32): CWebApplication->__get()
#1 D:\server\home\frameworks\yii\framework\web\actions\CInlineAction.php(49): SiteController->actionIndex()
#2 D:\server\home\frameworks\yii\framework\web\CController.php(308): CInlineAction->runWithParams()
#3 D:\server\home\frameworks\yii\framework\web\CController.php(286): SiteController->runAction()
#4 D:\server\home\frameworks\yii\framework\web\CController.php(265): SiteController->runActionWithFilters()
#5 D:\server\home\frameworks\yii\framework\web\CWebApplication.php(282): SiteController->run()
#6 D:\server\home\frameworks\yii\framework\web\CWebApplication.php(141): CWebApplication->runController()
#7 D:\server\home\frameworks\yii\framework\base\CApplication.php(170): CWebApplication->processRequest()
#8 D:\server\home\frameworks\yii\apps\testapp\index.php(13): CWebApplication->run()
REQUEST_URI=/apps/testapp/
in D:\server\home\frameworks\yii\apps\testapp\protected\controllers\SiteController.php (32)
in D:\server\home\frameworks\yii\apps\testapp\index.php (13)
2012/12/19 11:59:17 [error] [php] Use of undefined constant nul - assumed 'nul' (D:\server\home\frameworks\yii\framework\YiiBase.php:217)
Stack trace:
#0 D:\server\home\frameworks\yii\apps\testapp\protected\controllers\SiteController.php(32): CWebApplication->__get()
#1 D:\server\home\frameworks\yii\framework\web\actions\CInlineAction.php(49): SiteController->actionIndex()
#2 D:\server\home\frameworks\yii\framework\web\CController.php(308): CInlineAction->runWithParams()
#3 D:\server\home\frameworks\yii\framework\web\CController.php(286): SiteController->runAction()
#4 D:\server\home\frameworks\yii\framework\web\CController.php(265): SiteController->runActionWithFilters()
#5 D:\server\home\frameworks\yii\framework\web\CWebApplication.php(282): SiteController->run()
#6 D:\server\home\frameworks\yii\framework\web\CWebApplication.php(141): CWebApplication->runController()
#7 D:\server\home\frameworks\yii\framework\base\CApplication.php(170): CWebApplication->processRequest()
#8 D:\server\home\frameworks\yii\apps\testapp\index.php(13): CWebApplication->run()
REQUEST_URI=/apps/testapp/
in D:\server\home\frameworks\yii\apps\testapp\protected\controllers\SiteController.php (32)
in D:\server\home\frameworks\yii\apps\testapp\index.php (13)
2012/12/19 12:00:45 [error] [php] Use of undefined constant nul - assumed 'nul' (D:\server\home\frameworks\yii\framework\YiiBase.php:217)
Stack trace:
#0 D:\server\home\frameworks\yii\apps\testapp\protected\controllers\SiteController.php(32): CWebApplication->__get()
#1 D:\server\home\frameworks\yii\framework\web\actions\CInlineAction.php(49): SiteController->actionIndex()
#2 D:\server\home\frameworks\yii\framework\web\CController.php(308): CInlineAction->runWithParams()
#3 D:\server\home\frameworks\yii\framework\web\CController.php(286): SiteController->runAction()
#4 D:\server\home\frameworks\yii\framework\web\CController.php(265): SiteController->runActionWithFilters()
#5 D:\server\home\frameworks\yii\framework\web\CWebApplication.php(282): SiteController->run()
#6 D:\server\home\frameworks\yii\framework\web\CWebApplication.php(141): CWebApplication->runController()
#7 D:\server\home\frameworks\yii\framework\base\CApplication.php(170): CWebApplication->processRequest()
#8 D:\server\home\frameworks\yii\apps\testapp\index.php(13): CWebApplication->run()
REQUEST_URI=/apps/testapp/
in D:\server\home\frameworks\yii\apps\testapp\protected\controllers\SiteController.php (32)
in D:\server\home\frameworks\yii\apps\testapp\index.php (13)
2012/12/19 12:02:25 [error] [exception.CException] exception 'CException' with message 'SoapComponent and its behaviors do not have a method or closure named "__getFunctions".' in D:\server\home\frameworks\yii\framework\base\CComponent.php:265
Stack trace:
#0 D:\server\home\frameworks\yii\apps\testapp\protected\components\SoapComponent.php(68): CComponent->__call('__getFunctions', Array)
#1 D:\server\home\frameworks\yii\apps\testapp\protected\components\SoapComponent.php(47): SoapComponent->soap_call('__getFunctions', Array)
#2 D:\server\home\frameworks\yii\apps\testapp\protected\controllers\SiteController.php(32): SoapComponent->__call('__getFunctions', Array)
#3 D:\server\home\frameworks\yii\apps\testapp\protected\controllers\SiteController.php(32): SoapComponent->__getFunctions()
#4 D:\server\home\frameworks\yii\framework\web\actions\CInlineAction.php(49): SiteController->actionIndex()
#5 D:\server\home\frameworks\yii\framework\web\CController.php(308): CInlineAction->runWithParams(Array)
#6 D:\server\home\frameworks\yii\framework\web\CController.php(286): CController->runAction(Object(CInlineAction))
#7 D:\server\home\frameworks\yii\framework\web\CController.php(265): CController->runActionWithFilters(Object(CInlineAction), Array)
#8 D:\server\home\frameworks\yii\framework\web\CWebApplication.php(282): CController->run('')
#9 D:\server\home\frameworks\yii\framework\web\CWebApplication.php(141): CWebApplication->runController('')
#10 D:\server\home\frameworks\yii\framework\base\CApplication.php(170): CWebApplication->processRequest()
#11 D:\server\home\frameworks\yii\apps\testapp\index.php(13): CApplication->run()
#12 {main}
REQUEST_URI=/apps/testapp/
HTTP_REFERER=http://yury.yii.framework.ru/apps/
---
2012/12/19 12:02:59 [error] [exception.CException] exception 'CException' with message 'SoapComponent and its behaviors do not have a method or closure named "__getFunctions".' in D:\server\home\frameworks\yii\framework\base\CComponent.php:265
Stack trace:
#0 D:\server\home\frameworks\yii\apps\testapp\protected\components\SoapComponent.php(69): CComponent->__call('__getFunctions', Array)
#1 D:\server\home\frameworks\yii\apps\testapp\protected\components\SoapComponent.php(47): SoapComponent->soap_call('__getFunctions', Array)
#2 D:\server\home\frameworks\yii\apps\testapp\protected\controllers\SiteController.php(32): SoapComponent->__call('__getFunctions', Array)
#3 D:\server\home\frameworks\yii\apps\testapp\protected\controllers\SiteController.php(32): SoapComponent->__getFunctions()
#4 D:\server\home\frameworks\yii\framework\web\actions\CInlineAction.php(49): SiteController->actionIndex()
#5 D:\server\home\frameworks\yii\framework\web\CController.php(308): CInlineAction->runWithParams(Array)
#6 D:\server\home\frameworks\yii\framework\web\CController.php(286): CController->runAction(Object(CInlineAction))
#7 D:\server\home\frameworks\yii\framework\web\CController.php(265): CController->runActionWithFilters(Object(CInlineAction), Array)
#8 D:\server\home\frameworks\yii\framework\web\CWebApplication.php(282): CController->run('')
#9 D:\server\home\frameworks\yii\framework\web\CWebApplication.php(141): CWebApplication->runController('')
#10 D:\server\home\frameworks\yii\framework\base\CApplication.php(170): CWebApplication->processRequest()
#11 D:\server\home\frameworks\yii\apps\testapp\index.php(13): CApplication->run()
#12 {main}
REQUEST_URI=/apps/testapp/
HTTP_REFERER=http://yury.yii.framework.ru/apps/
---
2012/12/19 12:03:20 [error] [exception.SoapFault] SoapFault exception: [Sender] Function ("__getFunctions") is not a valid method for this service in D:\server\home\frameworks\yii\apps\testapp\protected\components\SoapComponent.php:66
Stack trace:
#0 D:\server\home\frameworks\yii\apps\testapp\protected\components\SoapComponent.php(66): SoapClient->__soapCall('__getFunctions', Array)
#1 D:\server\home\frameworks\yii\apps\testapp\protected\components\SoapComponent.php(47): SoapComponent->soap_call('__getFunctions', Array)
#2 D:\server\home\frameworks\yii\apps\testapp\protected\controllers\SiteController.php(32): SoapComponent->__call('__getFunctions', Array)
#3 D:\server\home\frameworks\yii\apps\testapp\protected\controllers\SiteController.php(32): SoapComponent->__getFunctions()
#4 D:\server\home\frameworks\yii\framework\web\actions\CInlineAction.php(49): SiteController->actionIndex()
#5 D:\server\home\frameworks\yii\framework\web\CController.php(308): CInlineAction->runWithParams(Array)
#6 D:\server\home\frameworks\yii\framework\web\CController.php(286): CController->runAction(Object(CInlineAction))
#7 D:\server\home\frameworks\yii\framework\web\CController.php(265): CController->runActionWithFilters(Object(CInlineAction), Array)
#8 D:\server\home\frameworks\yii\framework\web\CWebApplication.php(282): CController->run('')
#9 D:\server\home\frameworks\yii\framework\web\CWebApplication.php(141): CWebApplication->runController('')
#10 D:\server\home\frameworks\yii\framework\base\CApplication.php(170): CWebApplication->processRequest()
#11 D:\server\home\frameworks\yii\apps\testapp\index.php(13): CApplication->run()
#12 {main}
REQUEST_URI=/apps/testapp/
HTTP_REFERER=http://yury.yii.framework.ru/apps/
---
2012/12/19 12:04:02 [error] [exception.CException] exception 'CException' with message 'SoapComponent and its behaviors do not have a method or closure named "PropisRUB".' in D:\server\home\frameworks\yii\framework\base\CComponent.php:265
Stack trace:
#0 D:\server\home\frameworks\yii\apps\testapp\protected\components\SoapComponent.php(68): CComponent->__call('PropisRUB', Array)
#1 D:\server\home\frameworks\yii\apps\testapp\protected\components\SoapComponent.php(57): SoapComponent->soap_call('PropisRUB', Array)
#2 D:\server\home\frameworks\yii\apps\testapp\protected\controllers\SiteController.php(35): SoapComponent->__call('PropisRUB', Array)
#3 D:\server\home\frameworks\yii\apps\testapp\protected\controllers\SiteController.php(35): SoapComponent->PropisRUB(Array)
#4 D:\server\home\frameworks\yii\framework\web\actions\CInlineAction.php(49): SiteController->actionIndex()
#5 D:\server\home\frameworks\yii\framework\web\CController.php(308): CInlineAction->runWithParams(Array)
#6 D:\server\home\frameworks\yii\framework\web\CController.php(286): CController->runAction(Object(CInlineAction))
#7 D:\server\home\frameworks\yii\framework\web\CController.php(265): CController->runActionWithFilters(Object(CInlineAction), Array)
#8 D:\server\home\frameworks\yii\framework\web\CWebApplication.php(282): CController->run('')
#9 D:\server\home\frameworks\yii\framework\web\CWebApplication.php(141): CWebApplication->runController('')
#10 D:\server\home\frameworks\yii\framework\base\CApplication.php(170): CWebApplication->processRequest()
#11 D:\server\home\frameworks\yii\apps\testapp\index.php(13): CApplication->run()
#12 {main}
REQUEST_URI=/apps/testapp/
HTTP_REFERER=http://yury.yii.framework.ru/apps/
---
2012/12/19 12:13:25 [error] [php] SoapClient::__getFunctions() expects exactly 0 parameters, 1 given (D:\server\home\frameworks\yii\apps\testapp\protected\components\SoapComponent.php:73)
Stack trace:
#0 D:\server\home\frameworks\yii\apps\testapp\protected\components\SoapComponent.php(57): SoapComponent->soap_call()
#1 D:\server\home\frameworks\yii\apps\testapp\protected\controllers\SiteController.php(33): SoapComponent->__call()
#2 D:\server\home\frameworks\yii\apps\testapp\protected\controllers\SiteController.php(33): SoapComponent->__getFunctions()
#3 D:\server\home\frameworks\yii\framework\web\actions\CInlineAction.php(49): SiteController->actionIndex()
#4 D:\server\home\frameworks\yii\framework\web\CController.php(308): CInlineAction->runWithParams()
#5 D:\server\home\frameworks\yii\framework\web\CController.php(286): SiteController->runAction()
#6 D:\server\home\frameworks\yii\framework\web\CController.php(265): SiteController->runActionWithFilters()
#7 D:\server\home\frameworks\yii\framework\web\CWebApplication.php(282): SiteController->run()
#8 D:\server\home\frameworks\yii\framework\web\CWebApplication.php(141): CWebApplication->runController()
#9 D:\server\home\frameworks\yii\framework\base\CApplication.php(170): CWebApplication->processRequest()
#10 D:\server\home\frameworks\yii\apps\testapp\index.php(13): CWebApplication->run()
REQUEST_URI=/apps/testapp/
in D:\server\home\frameworks\yii\apps\testapp\protected\components\SoapComponent.php (73)
in D:\server\home\frameworks\yii\apps\testapp\protected\components\SoapComponent.php (57)
in D:\server\home\frameworks\yii\apps\testapp\protected\controllers\SiteController.php (33)
2012/12/19 12:14:02 [error] [php] SoapClient::__getFunctions() expects exactly 0 parameters, 1 given (D:\server\home\frameworks\yii\apps\testapp\protected\components\SoapComponent.php:73)
Stack trace:
#0 D:\server\home\frameworks\yii\apps\testapp\protected\components\SoapComponent.php(47): SoapComponent->soap_call()
#1 D:\server\home\frameworks\yii\apps\testapp\protected\controllers\SiteController.php(32): SoapComponent->__call()
#2 D:\server\home\frameworks\yii\apps\testapp\protected\controllers\SiteController.php(32): SoapComponent->__getFunctions()
#3 D:\server\home\frameworks\yii\framework\web\actions\CInlineAction.php(49): SiteController->actionIndex()
#4 D:\server\home\frameworks\yii\framework\web\CController.php(308): CInlineAction->runWithParams()
#5 D:\server\home\frameworks\yii\framework\web\CController.php(286): SiteController->runAction()
#6 D:\server\home\frameworks\yii\framework\web\CController.php(265): SiteController->runActionWithFilters()
#7 D:\server\home\frameworks\yii\framework\web\CWebApplication.php(282): SiteController->run()
#8 D:\server\home\frameworks\yii\framework\web\CWebApplication.php(141): CWebApplication->runController()
#9 D:\server\home\frameworks\yii\framework\base\CApplication.php(170): CWebApplication->processRequest()
#10 D:\server\home\frameworks\yii\apps\testapp\index.php(13): CWebApplication->run()
REQUEST_URI=/apps/testapp/
in D:\server\home\frameworks\yii\apps\testapp\protected\components\SoapComponent.php (73)
in D:\server\home\frameworks\yii\apps\testapp\protected\components\SoapComponent.php (47)
in D:\server\home\frameworks\yii\apps\testapp\protected\controllers\SiteController.php (32)
2012/12/19 12:16:01 [error] [php] SoapClient::__getFunctions() expects exactly 0 parameters, 1 given (D:\server\home\frameworks\yii\apps\testapp\protected\components\SoapComponent.php:73)
Stack trace:
#0 D:\server\home\frameworks\yii\apps\testapp\protected\components\SoapComponent.php(47): SoapComponent->soap_call()
#1 D:\server\home\frameworks\yii\apps\testapp\protected\controllers\SiteController.php(32): SoapComponent->__call()
#2 D:\server\home\frameworks\yii\apps\testapp\protected\controllers\SiteController.php(32): SoapComponent->__getFunctions()
#3 D:\server\home\frameworks\yii\framework\web\actions\CInlineAction.php(49): SiteController->actionIndex()
#4 D:\server\home\frameworks\yii\framework\web\CController.php(308): CInlineAction->runWithParams()
#5 D:\server\home\frameworks\yii\framework\web\CController.php(286): SiteController->runAction()
#6 D:\server\home\frameworks\yii\framework\web\CController.php(265): SiteController->runActionWithFilters()
#7 D:\server\home\frameworks\yii\framework\web\CWebApplication.php(282): SiteController->run()
#8 D:\server\home\frameworks\yii\framework\web\CWebApplication.php(141): CWebApplication->runController()
#9 D:\server\home\frameworks\yii\framework\base\CApplication.php(170): CWebApplication->processRequest()
#10 D:\server\home\frameworks\yii\apps\testapp\index.php(13): CWebApplication->run()
REQUEST_URI=/apps/testapp/
in D:\server\home\frameworks\yii\apps\testapp\protected\components\SoapComponent.php (73)
in D:\server\home\frameworks\yii\apps\testapp\protected\components\SoapComponent.php (47)
in D:\server\home\frameworks\yii\apps\testapp\protected\controllers\SiteController.php (32)
2012/12/20 12:45:26 [error] [exception.CHttpException.404] exception 'CHttpException' with message 'Unable to resolve the request "bootstrap.".' in D:\server\home\frameworks\yii\framework\web\CWebApplication.php:286
Stack trace:
#0 D:\server\home\frameworks\yii\framework\web\CWebApplication.php(141): CWebApplication->runController('bootstrap.')
#1 D:\server\home\frameworks\yii\framework\base\CApplication.php(170): CWebApplication->processRequest()
#2 D:\server\home\frameworks\yii\apps\testapp\index.php(13): CApplication->run()
#3 {main}
REQUEST_URI=/apps/testapp/bootstrap.
---
2012/12/20 12:45:29 [error] [exception.CHttpException.404] exception 'CHttpException' with message 'Unable to resolve the request "bootstrap".' in D:\server\home\frameworks\yii\framework\web\CWebApplication.php:286
Stack trace:
#0 D:\server\home\frameworks\yii\framework\web\CWebApplication.php(141): CWebApplication->runController('bootstrap')
#1 D:\server\home\frameworks\yii\framework\base\CApplication.php(170): CWebApplication->processRequest()
#2 D:\server\home\frameworks\yii\apps\testapp\index.php(13): CApplication->run()
#3 {main}
REQUEST_URI=/apps/testapp/bootstrap/
---
