2013-08-12 15:16:19,060 ERROR [errorlog] com.eviware.soapui.impl.support.definition.support.InvalidDefinitionException
com.eviware.soapui.impl.support.definition.support.InvalidDefinitionException
	at com.eviware.soapui.impl.wsdl.support.wsdl.WsdlInterfaceDefinition.load(WsdlInterfaceDefinition.java:56)
	at com.eviware.soapui.impl.wsdl.support.wsdl.WsdlContext.loadDefinition(WsdlContext.java:66)
	at com.eviware.soapui.impl.wsdl.support.wsdl.WsdlContext.loadDefinition(WsdlContext.java:30)
	at com.eviware.soapui.impl.support.definition.support.AbstractDefinitionContext.cacheDefinition(AbstractDefinitionContext.java:268)
	at com.eviware.soapui.impl.support.definition.support.AbstractDefinitionContext.access$400(AbstractDefinitionContext.java:44)
	at com.eviware.soapui.impl.support.definition.support.AbstractDefinitionContext$Loader.construct(AbstractDefinitionContext.java:235)
	at com.eviware.soapui.support.swing.SwingWorkerDelegator.construct(SwingWorkerDelegator.java:46)
	at com.eviware.soapui.support.swing.SwingWorker$2.run(SwingWorker.java:149)
	at java.lang.Thread.run(Thread.java:679)
2013-08-12 15:16:22,978 ERROR [errorlog] com.eviware.soapui.impl.support.definition.support.InvalidDefinitionException
com.eviware.soapui.impl.support.definition.support.InvalidDefinitionException
	at com.eviware.soapui.impl.wsdl.support.wsdl.WsdlInterfaceDefinition.load(WsdlInterfaceDefinition.java:56)
	at com.eviware.soapui.impl.wsdl.support.wsdl.WsdlContext.loadDefinition(WsdlContext.java:66)
	at com.eviware.soapui.impl.wsdl.support.wsdl.WsdlContext.loadDefinition(WsdlContext.java:30)
	at com.eviware.soapui.impl.support.definition.support.AbstractDefinitionContext.cacheDefinition(AbstractDefinitionContext.java:268)
	at com.eviware.soapui.impl.support.definition.support.AbstractDefinitionContext.access$400(AbstractDefinitionContext.java:44)
	at com.eviware.soapui.impl.support.definition.support.AbstractDefinitionContext$Loader.construct(AbstractDefinitionContext.java:235)
	at com.eviware.soapui.support.swing.SwingWorkerDelegator.construct(SwingWorkerDelegator.java:46)
	at com.eviware.soapui.support.swing.SwingWorker$2.run(SwingWorker.java:149)
	at java.lang.Thread.run(Thread.java:679)
2013-08-12 15:17:09,434 ERROR [errorlog] com.eviware.soapui.impl.support.definition.support.InvalidDefinitionException
com.eviware.soapui.impl.support.definition.support.InvalidDefinitionException
	at com.eviware.soapui.impl.wsdl.support.wsdl.WsdlInterfaceDefinition.load(WsdlInterfaceDefinition.java:56)
	at com.eviware.soapui.impl.wsdl.support.wsdl.WsdlContext.loadDefinition(WsdlContext.java:66)
	at com.eviware.soapui.impl.wsdl.support.wsdl.WsdlContext.loadDefinition(WsdlContext.java:30)
	at com.eviware.soapui.impl.support.definition.support.AbstractDefinitionContext.cacheDefinition(AbstractDefinitionContext.java:268)
	at com.eviware.soapui.impl.support.definition.support.AbstractDefinitionContext.access$400(AbstractDefinitionContext.java:44)
	at com.eviware.soapui.impl.support.definition.support.AbstractDefinitionContext$Loader.construct(AbstractDefinitionContext.java:235)
	at com.eviware.soapui.support.swing.SwingWorkerDelegator.construct(SwingWorkerDelegator.java:46)
	at com.eviware.soapui.support.swing.SwingWorker$2.run(SwingWorker.java:149)
	at java.lang.Thread.run(Thread.java:679)
2013-08-12 15:17:13,815 ERROR [errorlog] com.eviware.soapui.impl.support.definition.support.InvalidDefinitionException
com.eviware.soapui.impl.support.definition.support.InvalidDefinitionException
	at com.eviware.soapui.impl.wsdl.support.wsdl.WsdlInterfaceDefinition.load(WsdlInterfaceDefinition.java:56)
	at com.eviware.soapui.impl.wsdl.support.wsdl.WsdlContext.loadDefinition(WsdlContext.java:66)
	at com.eviware.soapui.impl.wsdl.support.wsdl.WsdlContext.loadDefinition(WsdlContext.java:30)
	at com.eviware.soapui.impl.support.definition.support.AbstractDefinitionContext.cacheDefinition(AbstractDefinitionContext.java:268)
	at com.eviware.soapui.impl.support.definition.support.AbstractDefinitionContext.access$400(AbstractDefinitionContext.java:44)
	at com.eviware.soapui.impl.support.definition.support.AbstractDefinitionContext$Loader.construct(AbstractDefinitionContext.java:235)
	at com.eviware.soapui.support.swing.SwingWorkerDelegator.construct(SwingWorkerDelegator.java:46)
	at com.eviware.soapui.support.swing.SwingWorker$2.run(SwingWorker.java:149)
	at java.lang.Thread.run(Thread.java:679)
2013-08-12 15:18:47,949 ERROR [errorlog] com.eviware.soapui.impl.support.definition.support.InvalidDefinitionException
com.eviware.soapui.impl.support.definition.support.InvalidDefinitionException
	at com.eviware.soapui.impl.wsdl.support.wsdl.WsdlInterfaceDefinition.load(WsdlInterfaceDefinition.java:56)
	at com.eviware.soapui.impl.wsdl.support.wsdl.WsdlContext.loadDefinition(WsdlContext.java:66)
	at com.eviware.soapui.impl.wsdl.support.wsdl.WsdlContext.loadDefinition(WsdlContext.java:30)
	at com.eviware.soapui.impl.support.definition.support.AbstractDefinitionContext.cacheDefinition(AbstractDefinitionContext.java:268)
	at com.eviware.soapui.impl.support.definition.support.AbstractDefinitionContext.access$400(AbstractDefinitionContext.java:44)
	at com.eviware.soapui.impl.support.definition.support.AbstractDefinitionContext$Loader.construct(AbstractDefinitionContext.java:235)
	at com.eviware.soapui.support.swing.SwingWorkerDelegator.construct(SwingWorkerDelegator.java:46)
	at com.eviware.soapui.support.swing.SwingWorker$2.run(SwingWorker.java:149)
	at java.lang.Thread.run(Thread.java:679)
2013-08-12 15:49:21,949 ERROR [WsdlSubmit] Exception in request: org.apache.http.conn.HttpHostConnectException: Connection to http://leadert-Aspire-M1470:8080 refused
2013-08-12 15:49:21,980 ERROR [errorlog] org.apache.http.conn.HttpHostConnectException: Connection to http://leadert-Aspire-M1470:8080 refused
org.apache.http.conn.HttpHostConnectException: Connection to http://leadert-Aspire-M1470:8080 refused
	at com.eviware.soapui.impl.wsdl.support.http.SoapUIMultiThreadedHttpConnectionManager$SoapUIClientConnectionOperator.openConnection(SoapUIMultiThreadedHttpConnectionManager.java:321)
	at org.apache.http.impl.conn.AbstractPoolEntry.open(AbstractPoolEntry.java:149)
	at org.apache.http.impl.conn.AbstractPooledConnAdapter.open(AbstractPooledConnAdapter.java:121)
	at org.apache.http.impl.client.DefaultRequestDirector.tryConnect(DefaultRequestDirector.java:561)
	at org.apache.http.impl.client.DefaultRequestDirector.execute(DefaultRequestDirector.java:415)
	at org.apache.http.impl.client.AbstractHttpClient.execute(AbstractHttpClient.java:820)
	at org.apache.http.impl.client.AbstractHttpClient.execute(AbstractHttpClient.java:754)
	at com.eviware.soapui.impl.wsdl.support.http.HttpClientSupport$Helper.execute(HttpClientSupport.java:218)
	at com.eviware.soapui.impl.wsdl.support.http.HttpClientSupport.execute(HttpClientSupport.java:329)
	at com.eviware.soapui.impl.wsdl.submit.transports.http.HttpClientRequestTransport.sendRequest(HttpClientRequestTransport.java:251)
	at com.eviware.soapui.impl.wsdl.WsdlSubmit.run(WsdlSubmit.java:123)
	at java.util.concurrent.Executors$RunnableAdapter.call(Executors.java:471)
	at java.util.concurrent.FutureTask$Sync.innerRun(FutureTask.java:334)
	at java.util.concurrent.FutureTask.run(FutureTask.java:166)
	at java.util.concurrent.ThreadPoolExecutor.runWorker(ThreadPoolExecutor.java:1146)
	at java.util.concurrent.ThreadPoolExecutor$Worker.run(ThreadPoolExecutor.java:615)
	at java.lang.Thread.run(Thread.java:679)
Caused by: java.net.ConnectException: В соединении отказано
	at java.net.PlainSocketImpl.socketConnect(Native Method)
	at java.net.AbstractPlainSocketImpl.doConnect(AbstractPlainSocketImpl.java:327)
	at java.net.AbstractPlainSocketImpl.connectToAddress(AbstractPlainSocketImpl.java:193)
	at java.net.AbstractPlainSocketImpl.connect(AbstractPlainSocketImpl.java:180)
	at java.net.SocksSocketImpl.connect(SocksSocketImpl.java:385)
	at java.net.Socket.connect(Socket.java:546)
	at org.apache.http.conn.scheme.PlainSocketFactory.connectSocket(PlainSocketFactory.java:123)
	at com.eviware.soapui.impl.wsdl.support.http.SoapUIMultiThreadedHttpConnectionManager$SoapUIClientConnectionOperator.openConnection(SoapUIMultiThreadedHttpConnectionManager.java:299)
	... 16 more
2013-08-12 15:49:29,065 ERROR [WsdlSubmit] Exception in request: org.apache.http.conn.HttpHostConnectException: Connection to http://leadert-Aspire-M1470:8080 refused
2013-08-12 15:49:29,066 ERROR [errorlog] org.apache.http.conn.HttpHostConnectException: Connection to http://leadert-Aspire-M1470:8080 refused
org.apache.http.conn.HttpHostConnectException: Connection to http://leadert-Aspire-M1470:8080 refused
	at com.eviware.soapui.impl.wsdl.support.http.SoapUIMultiThreadedHttpConnectionManager$SoapUIClientConnectionOperator.openConnection(SoapUIMultiThreadedHttpConnectionManager.java:321)
	at org.apache.http.impl.conn.AbstractPoolEntry.open(AbstractPoolEntry.java:149)
	at org.apache.http.impl.conn.AbstractPooledConnAdapter.open(AbstractPooledConnAdapter.java:121)
	at org.apache.http.impl.client.DefaultRequestDirector.tryConnect(DefaultRequestDirector.java:561)
	at org.apache.http.impl.client.DefaultRequestDirector.execute(DefaultRequestDirector.java:415)
	at org.apache.http.impl.client.AbstractHttpClient.execute(AbstractHttpClient.java:820)
	at org.apache.http.impl.client.AbstractHttpClient.execute(AbstractHttpClient.java:754)
	at com.eviware.soapui.impl.wsdl.support.http.HttpClientSupport$Helper.execute(HttpClientSupport.java:218)
	at com.eviware.soapui.impl.wsdl.support.http.HttpClientSupport.execute(HttpClientSupport.java:329)
	at com.eviware.soapui.impl.wsdl.submit.transports.http.HttpClientRequestTransport.sendRequest(HttpClientRequestTransport.java:251)
	at com.eviware.soapui.impl.wsdl.WsdlSubmit.run(WsdlSubmit.java:123)
	at java.util.concurrent.Executors$RunnableAdapter.call(Executors.java:471)
	at java.util.concurrent.FutureTask$Sync.innerRun(FutureTask.java:334)
	at java.util.concurrent.FutureTask.run(FutureTask.java:166)
	at java.util.concurrent.ThreadPoolExecutor.runWorker(ThreadPoolExecutor.java:1146)
	at java.util.concurrent.ThreadPoolExecutor$Worker.run(ThreadPoolExecutor.java:615)
	at java.lang.Thread.run(Thread.java:679)
Caused by: java.net.ConnectException: В соединении отказано
	at java.net.PlainSocketImpl.socketConnect(Native Method)
	at java.net.AbstractPlainSocketImpl.doConnect(AbstractPlainSocketImpl.java:327)
	at java.net.AbstractPlainSocketImpl.connectToAddress(AbstractPlainSocketImpl.java:193)
	at java.net.AbstractPlainSocketImpl.connect(AbstractPlainSocketImpl.java:180)
	at java.net.SocksSocketImpl.connect(SocksSocketImpl.java:385)
	at java.net.Socket.connect(Socket.java:546)
	at org.apache.http.conn.scheme.PlainSocketFactory.connectSocket(PlainSocketFactory.java:123)
	at com.eviware.soapui.impl.wsdl.support.http.SoapUIMultiThreadedHttpConnectionManager$SoapUIClientConnectionOperator.openConnection(SoapUIMultiThreadedHttpConnectionManager.java:299)
	... 16 more
2013-08-12 15:49:29,663 ERROR [WsdlSubmit] Exception in request: org.apache.http.conn.HttpHostConnectException: Connection to http://leadert-Aspire-M1470:8080 refused
2013-08-12 15:49:29,666 ERROR [errorlog] org.apache.http.conn.HttpHostConnectException: Connection to http://leadert-Aspire-M1470:8080 refused
org.apache.http.conn.HttpHostConnectException: Connection to http://leadert-Aspire-M1470:8080 refused
	at com.eviware.soapui.impl.wsdl.support.http.SoapUIMultiThreadedHttpConnectionManager$SoapUIClientConnectionOperator.openConnection(SoapUIMultiThreadedHttpConnectionManager.java:321)
	at org.apache.http.impl.conn.AbstractPoolEntry.open(AbstractPoolEntry.java:149)
	at org.apache.http.impl.conn.AbstractPooledConnAdapter.open(AbstractPooledConnAdapter.java:121)
	at org.apache.http.impl.client.DefaultRequestDirector.tryConnect(DefaultRequestDirector.java:561)
	at org.apache.http.impl.client.DefaultRequestDirector.execute(DefaultRequestDirector.java:415)
	at org.apache.http.impl.client.AbstractHttpClient.execute(AbstractHttpClient.java:820)
	at org.apache.http.impl.client.AbstractHttpClient.execute(AbstractHttpClient.java:754)
	at com.eviware.soapui.impl.wsdl.support.http.HttpClientSupport$Helper.execute(HttpClientSupport.java:218)
	at com.eviware.soapui.impl.wsdl.support.http.HttpClientSupport.execute(HttpClientSupport.java:329)
	at com.eviware.soapui.impl.wsdl.submit.transports.http.HttpClientRequestTransport.sendRequest(HttpClientRequestTransport.java:251)
	at com.eviware.soapui.impl.wsdl.WsdlSubmit.run(WsdlSubmit.java:123)
	at java.util.concurrent.Executors$RunnableAdapter.call(Executors.java:471)
	at java.util.concurrent.FutureTask$Sync.innerRun(FutureTask.java:334)
	at java.util.concurrent.FutureTask.run(FutureTask.java:166)
	at java.util.concurrent.ThreadPoolExecutor.runWorker(ThreadPoolExecutor.java:1146)
	at java.util.concurrent.ThreadPoolExecutor$Worker.run(ThreadPoolExecutor.java:615)
	at java.lang.Thread.run(Thread.java:679)
Caused by: java.net.ConnectException: В соединении отказано
	at java.net.PlainSocketImpl.socketConnect(Native Method)
	at java.net.AbstractPlainSocketImpl.doConnect(AbstractPlainSocketImpl.java:327)
	at java.net.AbstractPlainSocketImpl.connectToAddress(AbstractPlainSocketImpl.java:193)
	at java.net.AbstractPlainSocketImpl.connect(AbstractPlainSocketImpl.java:180)
	at java.net.SocksSocketImpl.connect(SocksSocketImpl.java:385)
	at java.net.Socket.connect(Socket.java:546)
	at org.apache.http.conn.scheme.PlainSocketFactory.connectSocket(PlainSocketFactory.java:123)
	at com.eviware.soapui.impl.wsdl.support.http.SoapUIMultiThreadedHttpConnectionManager$SoapUIClientConnectionOperator.openConnection(SoapUIMultiThreadedHttpConnectionManager.java:299)
	... 16 more
2013-08-12 15:49:29,875 ERROR [WsdlSubmit] Exception in request: org.apache.http.conn.HttpHostConnectException: Connection to http://leadert-Aspire-M1470:8080 refused
2013-08-12 15:49:29,889 ERROR [errorlog] org.apache.http.conn.HttpHostConnectException: Connection to http://leadert-Aspire-M1470:8080 refused
org.apache.http.conn.HttpHostConnectException: Connection to http://leadert-Aspire-M1470:8080 refused
	at com.eviware.soapui.impl.wsdl.support.http.SoapUIMultiThreadedHttpConnectionManager$SoapUIClientConnectionOperator.openConnection(SoapUIMultiThreadedHttpConnectionManager.java:321)
	at org.apache.http.impl.conn.AbstractPoolEntry.open(AbstractPoolEntry.java:149)
	at org.apache.http.impl.conn.AbstractPooledConnAdapter.open(AbstractPooledConnAdapter.java:121)
	at org.apache.http.impl.client.DefaultRequestDirector.tryConnect(DefaultRequestDirector.java:561)
	at org.apache.http.impl.client.DefaultRequestDirector.execute(DefaultRequestDirector.java:415)
	at org.apache.http.impl.client.AbstractHttpClient.execute(AbstractHttpClient.java:820)
	at org.apache.http.impl.client.AbstractHttpClient.execute(AbstractHttpClient.java:754)
	at com.eviware.soapui.impl.wsdl.support.http.HttpClientSupport$Helper.execute(HttpClientSupport.java:218)
	at com.eviware.soapui.impl.wsdl.support.http.HttpClientSupport.execute(HttpClientSupport.java:329)
	at com.eviware.soapui.impl.wsdl.submit.transports.http.HttpClientRequestTransport.sendRequest(HttpClientRequestTransport.java:251)
	at com.eviware.soapui.impl.wsdl.WsdlSubmit.run(WsdlSubmit.java:123)
	at java.util.concurrent.Executors$RunnableAdapter.call(Executors.java:471)
	at java.util.concurrent.FutureTask$Sync.innerRun(FutureTask.java:334)
	at java.util.concurrent.FutureTask.run(FutureTask.java:166)
	at java.util.concurrent.ThreadPoolExecutor.runWorker(ThreadPoolExecutor.java:1146)
	at java.util.concurrent.ThreadPoolExecutor$Worker.run(ThreadPoolExecutor.java:615)
	at java.lang.Thread.run(Thread.java:679)
Caused by: java.net.ConnectException: В соединении отказано
	at java.net.PlainSocketImpl.socketConnect(Native Method)
	at java.net.AbstractPlainSocketImpl.doConnect(AbstractPlainSocketImpl.java:327)
	at java.net.AbstractPlainSocketImpl.connectToAddress(AbstractPlainSocketImpl.java:193)
	at java.net.AbstractPlainSocketImpl.connect(AbstractPlainSocketImpl.java:180)
	at java.net.SocksSocketImpl.connect(SocksSocketImpl.java:385)
	at java.net.Socket.connect(Socket.java:546)
	at org.apache.http.conn.scheme.PlainSocketFactory.connectSocket(PlainSocketFactory.java:123)
	at com.eviware.soapui.impl.wsdl.support.http.SoapUIMultiThreadedHttpConnectionManager$SoapUIClientConnectionOperator.openConnection(SoapUIMultiThreadedHttpConnectionManager.java:299)
	... 16 more
2013-08-12 15:49:30,021 ERROR [WsdlSubmit] Exception in request: org.apache.http.conn.HttpHostConnectException: Connection to http://leadert-Aspire-M1470:8080 refused
2013-08-12 15:49:30,023 ERROR [errorlog] org.apache.http.conn.HttpHostConnectException: Connection to http://leadert-Aspire-M1470:8080 refused
org.apache.http.conn.HttpHostConnectException: Connection to http://leadert-Aspire-M1470:8080 refused
	at com.eviware.soapui.impl.wsdl.support.http.SoapUIMultiThreadedHttpConnectionManager$SoapUIClientConnectionOperator.openConnection(SoapUIMultiThreadedHttpConnectionManager.java:321)
	at org.apache.http.impl.conn.AbstractPoolEntry.open(AbstractPoolEntry.java:149)
	at org.apache.http.impl.conn.AbstractPooledConnAdapter.open(AbstractPooledConnAdapter.java:121)
	at org.apache.http.impl.client.DefaultRequestDirector.tryConnect(DefaultRequestDirector.java:561)
	at org.apache.http.impl.client.DefaultRequestDirector.execute(DefaultRequestDirector.java:415)
	at org.apache.http.impl.client.AbstractHttpClient.execute(AbstractHttpClient.java:820)
	at org.apache.http.impl.client.AbstractHttpClient.execute(AbstractHttpClient.java:754)
	at com.eviware.soapui.impl.wsdl.support.http.HttpClientSupport$Helper.execute(HttpClientSupport.java:218)
	at com.eviware.soapui.impl.wsdl.support.http.HttpClientSupport.execute(HttpClientSupport.java:329)
	at com.eviware.soapui.impl.wsdl.submit.transports.http.HttpClientRequestTransport.sendRequest(HttpClientRequestTransport.java:251)
	at com.eviware.soapui.impl.wsdl.WsdlSubmit.run(WsdlSubmit.java:123)
	at java.util.concurrent.Executors$RunnableAdapter.call(Executors.java:471)
	at java.util.concurrent.FutureTask$Sync.innerRun(FutureTask.java:334)
	at java.util.concurrent.FutureTask.run(FutureTask.java:166)
	at java.util.concurrent.ThreadPoolExecutor.runWorker(ThreadPoolExecutor.java:1146)
	at java.util.concurrent.ThreadPoolExecutor$Worker.run(ThreadPoolExecutor.java:615)
	at java.lang.Thread.run(Thread.java:679)
Caused by: java.net.ConnectException: В соединении отказано
	at java.net.PlainSocketImpl.socketConnect(Native Method)
	at java.net.AbstractPlainSocketImpl.doConnect(AbstractPlainSocketImpl.java:327)
	at java.net.AbstractPlainSocketImpl.connectToAddress(AbstractPlainSocketImpl.java:193)
	at java.net.AbstractPlainSocketImpl.connect(AbstractPlainSocketImpl.java:180)
	at java.net.SocksSocketImpl.connect(SocksSocketImpl.java:385)
	at java.net.Socket.connect(Socket.java:546)
	at org.apache.http.conn.scheme.PlainSocketFactory.connectSocket(PlainSocketFactory.java:123)
	at com.eviware.soapui.impl.wsdl.support.http.SoapUIMultiThreadedHttpConnectionManager$SoapUIClientConnectionOperator.openConnection(SoapUIMultiThreadedHttpConnectionManager.java:299)
	... 16 more
2013-08-12 15:49:30,204 ERROR [WsdlSubmit] Exception in request: org.apache.http.conn.HttpHostConnectException: Connection to http://leadert-Aspire-M1470:8080 refused
2013-08-12 15:49:30,206 ERROR [errorlog] org.apache.http.conn.HttpHostConnectException: Connection to http://leadert-Aspire-M1470:8080 refused
org.apache.http.conn.HttpHostConnectException: Connection to http://leadert-Aspire-M1470:8080 refused
	at com.eviware.soapui.impl.wsdl.support.http.SoapUIMultiThreadedHttpConnectionManager$SoapUIClientConnectionOperator.openConnection(SoapUIMultiThreadedHttpConnectionManager.java:321)
	at org.apache.http.impl.conn.AbstractPoolEntry.open(AbstractPoolEntry.java:149)
	at org.apache.http.impl.conn.AbstractPooledConnAdapter.open(AbstractPooledConnAdapter.java:121)
	at org.apache.http.impl.client.DefaultRequestDirector.tryConnect(DefaultRequestDirector.java:561)
	at org.apache.http.impl.client.DefaultRequestDirector.execute(DefaultRequestDirector.java:415)
	at org.apache.http.impl.client.AbstractHttpClient.execute(AbstractHttpClient.java:820)
	at org.apache.http.impl.client.AbstractHttpClient.execute(AbstractHttpClient.java:754)
	at com.eviware.soapui.impl.wsdl.support.http.HttpClientSupport$Helper.execute(HttpClientSupport.java:218)
	at com.eviware.soapui.impl.wsdl.support.http.HttpClientSupport.execute(HttpClientSupport.java:329)
	at com.eviware.soapui.impl.wsdl.submit.transports.http.HttpClientRequestTransport.sendRequest(HttpClientRequestTransport.java:251)
	at com.eviware.soapui.impl.wsdl.WsdlSubmit.run(WsdlSubmit.java:123)
	at java.util.concurrent.Executors$RunnableAdapter.call(Executors.java:471)
	at java.util.concurrent.FutureTask$Sync.innerRun(FutureTask.java:334)
	at java.util.concurrent.FutureTask.run(FutureTask.java:166)
	at java.util.concurrent.ThreadPoolExecutor.runWorker(ThreadPoolExecutor.java:1146)
	at java.util.concurrent.ThreadPoolExecutor$Worker.run(ThreadPoolExecutor.java:615)
	at java.lang.Thread.run(Thread.java:679)
Caused by: java.net.ConnectException: В соединении отказано
	at java.net.PlainSocketImpl.socketConnect(Native Method)
	at java.net.AbstractPlainSocketImpl.doConnect(AbstractPlainSocketImpl.java:327)
	at java.net.AbstractPlainSocketImpl.connectToAddress(AbstractPlainSocketImpl.java:193)
	at java.net.AbstractPlainSocketImpl.connect(AbstractPlainSocketImpl.java:180)
	at java.net.SocksSocketImpl.connect(SocksSocketImpl.java:385)
	at java.net.Socket.connect(Socket.java:546)
	at org.apache.http.conn.scheme.PlainSocketFactory.connectSocket(PlainSocketFactory.java:123)
	at com.eviware.soapui.impl.wsdl.support.http.SoapUIMultiThreadedHttpConnectionManager$SoapUIClientConnectionOperator.openConnection(SoapUIMultiThreadedHttpConnectionManager.java:299)
	... 16 more
2013-08-12 15:49:30,942 ERROR [WsdlSubmit] Exception in request: org.apache.http.conn.HttpHostConnectException: Connection to http://leadert-Aspire-M1470:8080 refused
2013-08-12 15:49:30,942 ERROR [errorlog] org.apache.http.conn.HttpHostConnectException: Connection to http://leadert-Aspire-M1470:8080 refused
org.apache.http.conn.HttpHostConnectException: Connection to http://leadert-Aspire-M1470:8080 refused
	at com.eviware.soapui.impl.wsdl.support.http.SoapUIMultiThreadedHttpConnectionManager$SoapUIClientConnectionOperator.openConnection(SoapUIMultiThreadedHttpConnectionManager.java:321)
	at org.apache.http.impl.conn.AbstractPoolEntry.open(AbstractPoolEntry.java:149)
	at org.apache.http.impl.conn.AbstractPooledConnAdapter.open(AbstractPooledConnAdapter.java:121)
	at org.apache.http.impl.client.DefaultRequestDirector.tryConnect(DefaultRequestDirector.java:561)
	at org.apache.http.impl.client.DefaultRequestDirector.execute(DefaultRequestDirector.java:415)
	at org.apache.http.impl.client.AbstractHttpClient.execute(AbstractHttpClient.java:820)
	at org.apache.http.impl.client.AbstractHttpClient.execute(AbstractHttpClient.java:754)
	at com.eviware.soapui.impl.wsdl.support.http.HttpClientSupport$Helper.execute(HttpClientSupport.java:218)
	at com.eviware.soapui.impl.wsdl.support.http.HttpClientSupport.execute(HttpClientSupport.java:329)
	at com.eviware.soapui.impl.wsdl.submit.transports.http.HttpClientRequestTransport.sendRequest(HttpClientRequestTransport.java:251)
	at com.eviware.soapui.impl.wsdl.WsdlSubmit.run(WsdlSubmit.java:123)
	at java.util.concurrent.Executors$RunnableAdapter.call(Executors.java:471)
	at java.util.concurrent.FutureTask$Sync.innerRun(FutureTask.java:334)
	at java.util.concurrent.FutureTask.run(FutureTask.java:166)
	at java.util.concurrent.ThreadPoolExecutor.runWorker(ThreadPoolExecutor.java:1146)
	at java.util.concurrent.ThreadPoolExecutor$Worker.run(ThreadPoolExecutor.java:615)
	at java.lang.Thread.run(Thread.java:679)
Caused by: java.net.ConnectException: В соединении отказано
	at java.net.PlainSocketImpl.socketConnect(Native Method)
	at java.net.AbstractPlainSocketImpl.doConnect(AbstractPlainSocketImpl.java:327)
	at java.net.AbstractPlainSocketImpl.connectToAddress(AbstractPlainSocketImpl.java:193)
	at java.net.AbstractPlainSocketImpl.connect(AbstractPlainSocketImpl.java:180)
	at java.net.SocksSocketImpl.connect(SocksSocketImpl.java:385)
	at java.net.Socket.connect(Socket.java:546)
	at org.apache.http.conn.scheme.PlainSocketFactory.connectSocket(PlainSocketFactory.java:123)
	at com.eviware.soapui.impl.wsdl.support.http.SoapUIMultiThreadedHttpConnectionManager$SoapUIClientConnectionOperator.openConnection(SoapUIMultiThreadedHttpConnectionManager.java:299)
	... 16 more
2013-08-12 15:49:42,598 ERROR [WsdlSubmit] Exception in request: org.apache.http.conn.HttpHostConnectException: Connection to http://leadert-Aspire-M1470:8080 refused
2013-08-12 15:49:42,599 ERROR [errorlog] org.apache.http.conn.HttpHostConnectException: Connection to http://leadert-Aspire-M1470:8080 refused
org.apache.http.conn.HttpHostConnectException: Connection to http://leadert-Aspire-M1470:8080 refused
	at com.eviware.soapui.impl.wsdl.support.http.SoapUIMultiThreadedHttpConnectionManager$SoapUIClientConnectionOperator.openConnection(SoapUIMultiThreadedHttpConnectionManager.java:321)
	at org.apache.http.impl.conn.AbstractPoolEntry.open(AbstractPoolEntry.java:149)
	at org.apache.http.impl.conn.AbstractPooledConnAdapter.open(AbstractPooledConnAdapter.java:121)
	at org.apache.http.impl.client.DefaultRequestDirector.tryConnect(DefaultRequestDirector.java:561)
	at org.apache.http.impl.client.DefaultRequestDirector.execute(DefaultRequestDirector.java:415)
	at org.apache.http.impl.client.AbstractHttpClient.execute(AbstractHttpClient.java:820)
	at org.apache.http.impl.client.AbstractHttpClient.execute(AbstractHttpClient.java:754)
	at com.eviware.soapui.impl.wsdl.support.http.HttpClientSupport$Helper.execute(HttpClientSupport.java:218)
	at com.eviware.soapui.impl.wsdl.support.http.HttpClientSupport.execute(HttpClientSupport.java:329)
	at com.eviware.soapui.impl.wsdl.submit.transports.http.HttpClientRequestTransport.sendRequest(HttpClientRequestTransport.java:251)
	at com.eviware.soapui.impl.wsdl.WsdlSubmit.run(WsdlSubmit.java:123)
	at java.util.concurrent.Executors$RunnableAdapter.call(Executors.java:471)
	at java.util.concurrent.FutureTask$Sync.innerRun(FutureTask.java:334)
	at java.util.concurrent.FutureTask.run(FutureTask.java:166)
	at java.util.concurrent.ThreadPoolExecutor.runWorker(ThreadPoolExecutor.java:1146)
	at java.util.concurrent.ThreadPoolExecutor$Worker.run(ThreadPoolExecutor.java:615)
	at java.lang.Thread.run(Thread.java:679)
Caused by: java.net.ConnectException: В соединении отказано
	at java.net.PlainSocketImpl.socketConnect(Native Method)
	at java.net.AbstractPlainSocketImpl.doConnect(AbstractPlainSocketImpl.java:327)
	at java.net.AbstractPlainSocketImpl.connectToAddress(AbstractPlainSocketImpl.java:193)
	at java.net.AbstractPlainSocketImpl.connect(AbstractPlainSocketImpl.java:180)
	at java.net.SocksSocketImpl.connect(SocksSocketImpl.java:385)
	at java.net.Socket.connect(Socket.java:546)
	at org.apache.http.conn.scheme.PlainSocketFactory.connectSocket(PlainSocketFactory.java:123)
	at com.eviware.soapui.impl.wsdl.support.http.SoapUIMultiThreadedHttpConnectionManager$SoapUIClientConnectionOperator.openConnection(SoapUIMultiThreadedHttpConnectionManager.java:299)
	... 16 more
2013-08-12 15:50:07,536 ERROR [WsdlSubmit] Exception in request: org.apache.http.conn.HttpHostConnectException: Connection to http://leadert-Aspire-M1470:8080 refused
2013-08-12 15:50:07,539 ERROR [errorlog] org.apache.http.conn.HttpHostConnectException: Connection to http://leadert-Aspire-M1470:8080 refused
org.apache.http.conn.HttpHostConnectException: Connection to http://leadert-Aspire-M1470:8080 refused
	at com.eviware.soapui.impl.wsdl.support.http.SoapUIMultiThreadedHttpConnectionManager$SoapUIClientConnectionOperator.openConnection(SoapUIMultiThreadedHttpConnectionManager.java:321)
	at org.apache.http.impl.conn.AbstractPoolEntry.open(AbstractPoolEntry.java:149)
	at org.apache.http.impl.conn.AbstractPooledConnAdapter.open(AbstractPooledConnAdapter.java:121)
	at org.apache.http.impl.client.DefaultRequestDirector.tryConnect(DefaultRequestDirector.java:561)
	at org.apache.http.impl.client.DefaultRequestDirector.execute(DefaultRequestDirector.java:415)
	at org.apache.http.impl.client.AbstractHttpClient.execute(AbstractHttpClient.java:820)
	at org.apache.http.impl.client.AbstractHttpClient.execute(AbstractHttpClient.java:754)
	at com.eviware.soapui.impl.wsdl.support.http.HttpClientSupport$Helper.execute(HttpClientSupport.java:218)
	at com.eviware.soapui.impl.wsdl.support.http.HttpClientSupport.execute(HttpClientSupport.java:329)
	at com.eviware.soapui.impl.wsdl.submit.transports.http.HttpClientRequestTransport.sendRequest(HttpClientRequestTransport.java:251)
	at com.eviware.soapui.impl.wsdl.WsdlSubmit.run(WsdlSubmit.java:123)
	at java.util.concurrent.Executors$RunnableAdapter.call(Executors.java:471)
	at java.util.concurrent.FutureTask$Sync.innerRun(FutureTask.java:334)
	at java.util.concurrent.FutureTask.run(FutureTask.java:166)
	at java.util.concurrent.ThreadPoolExecutor.runWorker(ThreadPoolExecutor.java:1146)
	at java.util.concurrent.ThreadPoolExecutor$Worker.run(ThreadPoolExecutor.java:615)
	at java.lang.Thread.run(Thread.java:679)
Caused by: java.net.ConnectException: В соединении отказано
	at java.net.PlainSocketImpl.socketConnect(Native Method)
	at java.net.AbstractPlainSocketImpl.doConnect(AbstractPlainSocketImpl.java:327)
	at java.net.AbstractPlainSocketImpl.connectToAddress(AbstractPlainSocketImpl.java:193)
	at java.net.AbstractPlainSocketImpl.connect(AbstractPlainSocketImpl.java:180)
	at java.net.SocksSocketImpl.connect(SocksSocketImpl.java:385)
	at java.net.Socket.connect(Socket.java:546)
	at org.apache.http.conn.scheme.PlainSocketFactory.connectSocket(PlainSocketFactory.java:123)
	at com.eviware.soapui.impl.wsdl.support.http.SoapUIMultiThreadedHttpConnectionManager$SoapUIClientConnectionOperator.openConnection(SoapUIMultiThreadedHttpConnectionManager.java:299)
	... 16 more
2013-08-12 19:16:10,441 ERROR [errorlog] com.eviware.soapui.impl.support.definition.support.InvalidDefinitionException
com.eviware.soapui.impl.support.definition.support.InvalidDefinitionException
	at com.eviware.soapui.impl.wsdl.support.wsdl.WsdlLoader.loadXmlObject(WsdlLoader.java:138)
	at com.eviware.soapui.impl.wsdl.support.xsd.SchemaUtils.getDefinitionParts(SchemaUtils.java:535)
	at com.eviware.soapui.impl.wsdl.support.xsd.SchemaUtils.getDefinitionParts(SchemaUtils.java:524)
	at com.eviware.soapui.impl.support.definition.support.AbstractDefinitionCache.update(AbstractDefinitionCache.java:97)
	at com.eviware.soapui.impl.support.definition.support.AbstractDefinitionContext$Loader.construct(AbstractDefinitionContext.java:226)
	at com.eviware.soapui.support.swing.SwingWorkerDelegator.construct(SwingWorkerDelegator.java:46)
	at com.eviware.soapui.support.swing.SwingWorker$2.run(SwingWorker.java:149)
	at java.lang.Thread.run(Thread.java:679)
2013-08-12 19:16:27,169 ERROR [errorlog] com.eviware.soapui.impl.support.definition.support.InvalidDefinitionException
com.eviware.soapui.impl.support.definition.support.InvalidDefinitionException
	at com.eviware.soapui.impl.wsdl.support.wsdl.WsdlLoader.loadXmlObject(WsdlLoader.java:138)
	at com.eviware.soapui.impl.wsdl.support.xsd.SchemaUtils.getDefinitionParts(SchemaUtils.java:535)
	at com.eviware.soapui.impl.wsdl.support.xsd.SchemaUtils.getDefinitionParts(SchemaUtils.java:524)
	at com.eviware.soapui.impl.support.definition.support.AbstractDefinitionCache.update(AbstractDefinitionCache.java:97)
	at com.eviware.soapui.impl.support.definition.support.AbstractDefinitionContext$Loader.construct(AbstractDefinitionContext.java:226)
	at com.eviware.soapui.support.swing.SwingWorkerDelegator.construct(SwingWorkerDelegator.java:46)
	at com.eviware.soapui.support.swing.SwingWorker$2.run(SwingWorker.java:149)
	at java.lang.Thread.run(Thread.java:679)
2013-08-12 19:17:03,922 ERROR [errorlog] com.eviware.soapui.impl.support.definition.support.InvalidDefinitionException
com.eviware.soapui.impl.support.definition.support.InvalidDefinitionException
	at com.eviware.soapui.impl.wsdl.support.wsdl.WsdlLoader.loadXmlObject(WsdlLoader.java:138)
	at com.eviware.soapui.impl.wsdl.support.xsd.SchemaUtils.getDefinitionParts(SchemaUtils.java:535)
	at com.eviware.soapui.impl.wsdl.support.xsd.SchemaUtils.getDefinitionParts(SchemaUtils.java:524)
	at com.eviware.soapui.impl.support.definition.support.AbstractDefinitionCache.update(AbstractDefinitionCache.java:97)
	at com.eviware.soapui.impl.support.definition.support.AbstractDefinitionContext$Loader.construct(AbstractDefinitionContext.java:226)
	at com.eviware.soapui.support.swing.SwingWorkerDelegator.construct(SwingWorkerDelegator.java:46)
	at com.eviware.soapui.support.swing.SwingWorker$2.run(SwingWorker.java:149)
	at java.lang.Thread.run(Thread.java:679)
2013-08-12 19:32:38,082 ERROR [errorlog] org.apache.xmlbeans.XmlException: Invalid QName value: Can't resolve prefix 'SOAP-ENC'
org.apache.xmlbeans.XmlException: Invalid QName value: Can't resolve prefix 'SOAP-ENC'
	at org.apache.xmlbeans.XmlBeans.wrappedException(XmlBeans.java:149)
	at org.apache.xmlbeans.XmlBeans.compileXmlBeans(XmlBeans.java:675)
	at org.apache.xmlbeans.XmlBeans.compileXsd(XmlBeans.java:553)
	at com.eviware.soapui.impl.wsdl.support.xsd.SchemaUtils.buildSchemaTypes(SchemaUtils.java:287)
	at com.eviware.soapui.impl.wsdl.support.xsd.SchemaUtils.loadSchemaTypes(SchemaUtils.java:194)
	at com.eviware.soapui.impl.support.definition.support.XmlSchemaBasedInterfaceDefinition.loadSchemaTypes(XmlSchemaBasedInterfaceDefinition.java:79)
	at com.eviware.soapui.impl.wsdl.support.wsdl.WsdlInterfaceDefinition.load(WsdlInterfaceDefinition.java:61)
	at com.eviware.soapui.impl.wsdl.support.wsdl.WsdlContext.loadDefinition(WsdlContext.java:66)
	at com.eviware.soapui.impl.wsdl.support.wsdl.WsdlContext.loadDefinition(WsdlContext.java:30)
	at com.eviware.soapui.impl.support.definition.support.AbstractDefinitionContext.cacheDefinition(AbstractDefinitionContext.java:268)
	at com.eviware.soapui.impl.support.definition.support.AbstractDefinitionContext.access$400(AbstractDefinitionContext.java:44)
	at com.eviware.soapui.impl.support.definition.support.AbstractDefinitionContext$Loader.construct(AbstractDefinitionContext.java:235)
	at com.eviware.soapui.support.swing.SwingWorkerDelegator.construct(SwingWorkerDelegator.java:46)
	at com.eviware.soapui.support.swing.SwingWorker$2.run(SwingWorker.java:149)
	at java.lang.Thread.run(Thread.java:679)
Caused by: org.apache.xmlbeans.impl.values.XmlValueOutOfRangeException: Invalid QName value: Can't resolve prefix 'SOAP-ENC'
	at org.apache.xmlbeans.impl.values.JavaQNameHolder.parse(JavaQNameHolder.java:140)
	at org.apache.xmlbeans.impl.values.JavaQNameHolder.set_text(JavaQNameHolder.java:155)
	at org.apache.xmlbeans.impl.values.XmlObjectBase.update_from_wscanon_text(XmlObjectBase.java:1166)
	at org.apache.xmlbeans.impl.values.XmlObjectBase.check_dated(XmlObjectBase.java:1305)
	at org.apache.xmlbeans.impl.values.JavaQNameHolder.getQNameValue(JavaQNameHolder.java:181)
	at org.apache.xmlbeans.impl.xb.xsdschema.impl.RestrictionTypeImpl.getBase(RestrictionTypeImpl.java:2148)
	at org.apache.xmlbeans.impl.schema.StscComplexTypeResolver.resolveCcRestriction(StscComplexTypeResolver.java:361)
	at org.apache.xmlbeans.impl.schema.StscComplexTypeResolver.resolveComplexType(StscComplexTypeResolver.java:234)
	at org.apache.xmlbeans.impl.schema.StscResolver.resolveType(StscResolver.java:87)
	at org.apache.xmlbeans.impl.schema.StscResolver.resolveAll(StscResolver.java:59)
	at org.apache.xmlbeans.impl.schema.SchemaTypeSystemCompiler.compileImpl(SchemaTypeSystemCompiler.java:307)
	at org.apache.xmlbeans.impl.schema.SchemaTypeSystemCompiler.compile(SchemaTypeSystemCompiler.java:218)
	at sun.reflect.NativeMethodAccessorImpl.invoke0(Native Method)
	at sun.reflect.NativeMethodAccessorImpl.invoke(NativeMethodAccessorImpl.java:57)
	at sun.reflect.DelegatingMethodAccessorImpl.invoke(DelegatingMethodAccessorImpl.java:43)
	at java.lang.reflect.Method.invoke(Method.java:616)
	at org.apache.xmlbeans.XmlBeans.compileXmlBeans(XmlBeans.java:667)
	... 13 more
2013-08-12 19:32:38,084 ERROR [errorlog] com.eviware.soapui.impl.wsdl.support.xsd.SchemaException
com.eviware.soapui.impl.wsdl.support.xsd.SchemaException
	at com.eviware.soapui.impl.wsdl.support.xsd.SchemaUtils.buildSchemaTypes(SchemaUtils.java:297)
	at com.eviware.soapui.impl.wsdl.support.xsd.SchemaUtils.loadSchemaTypes(SchemaUtils.java:194)
	at com.eviware.soapui.impl.support.definition.support.XmlSchemaBasedInterfaceDefinition.loadSchemaTypes(XmlSchemaBasedInterfaceDefinition.java:79)
	at com.eviware.soapui.impl.wsdl.support.wsdl.WsdlInterfaceDefinition.load(WsdlInterfaceDefinition.java:61)
	at com.eviware.soapui.impl.wsdl.support.wsdl.WsdlContext.loadDefinition(WsdlContext.java:66)
	at com.eviware.soapui.impl.wsdl.support.wsdl.WsdlContext.loadDefinition(WsdlContext.java:30)
	at com.eviware.soapui.impl.support.definition.support.AbstractDefinitionContext.cacheDefinition(AbstractDefinitionContext.java:268)
	at com.eviware.soapui.impl.support.definition.support.AbstractDefinitionContext.access$400(AbstractDefinitionContext.java:44)
	at com.eviware.soapui.impl.support.definition.support.AbstractDefinitionContext$Loader.construct(AbstractDefinitionContext.java:235)
	at com.eviware.soapui.support.swing.SwingWorkerDelegator.construct(SwingWorkerDelegator.java:46)
	at com.eviware.soapui.support.swing.SwingWorker$2.run(SwingWorker.java:149)
	at java.lang.Thread.run(Thread.java:679)
2013-08-12 19:32:38,084 ERROR [errorlog] com.eviware.soapui.impl.wsdl.support.xsd.SchemaException
com.eviware.soapui.impl.wsdl.support.xsd.SchemaException
	at com.eviware.soapui.impl.wsdl.support.xsd.SchemaUtils.buildSchemaTypes(SchemaUtils.java:297)
	at com.eviware.soapui.impl.wsdl.support.xsd.SchemaUtils.loadSchemaTypes(SchemaUtils.java:194)
	at com.eviware.soapui.impl.support.definition.support.XmlSchemaBasedInterfaceDefinition.loadSchemaTypes(XmlSchemaBasedInterfaceDefinition.java:79)
	at com.eviware.soapui.impl.wsdl.support.wsdl.WsdlInterfaceDefinition.load(WsdlInterfaceDefinition.java:61)
	at com.eviware.soapui.impl.wsdl.support.wsdl.WsdlContext.loadDefinition(WsdlContext.java:66)
	at com.eviware.soapui.impl.wsdl.support.wsdl.WsdlContext.loadDefinition(WsdlContext.java:30)
	at com.eviware.soapui.impl.support.definition.support.AbstractDefinitionContext.cacheDefinition(AbstractDefinitionContext.java:268)
	at com.eviware.soapui.impl.support.definition.support.AbstractDefinitionContext.access$400(AbstractDefinitionContext.java:44)
	at com.eviware.soapui.impl.support.definition.support.AbstractDefinitionContext$Loader.construct(AbstractDefinitionContext.java:235)
	at com.eviware.soapui.support.swing.SwingWorkerDelegator.construct(SwingWorkerDelegator.java:46)
	at com.eviware.soapui.support.swing.SwingWorker$2.run(SwingWorker.java:149)
	at java.lang.Thread.run(Thread.java:679)
2013-08-12 19:32:40,715 ERROR [errorlog] com.eviware.soapui.impl.support.definition.support.InvalidDefinitionException
com.eviware.soapui.impl.support.definition.support.InvalidDefinitionException
	at com.eviware.soapui.impl.support.definition.support.AbstractDefinitionContext.load(AbstractDefinitionContext.java:159)
	at com.eviware.soapui.impl.support.definition.support.AbstractDefinitionContext.load(AbstractDefinitionContext.java:115)
	at com.eviware.soapui.impl.wsdl.WsdlInterface.updateDefinition(WsdlInterface.java:291)
	at com.eviware.soapui.impl.wsdl.actions.iface.UpdateInterfaceAction.perform(UpdateInterfaceAction.java:125)
	at com.eviware.soapui.impl.wsdl.actions.iface.UpdateInterfaceAction.perform(UpdateInterfaceAction.java:52)
	at com.eviware.soapui.support.action.swing.SwingActionDelegate.actionPerformed(SwingActionDelegate.java:89)
	at javax.swing.AbstractButton.fireActionPerformed(AbstractButton.java:2012)
	at javax.swing.AbstractButton$Handler.actionPerformed(AbstractButton.java:2335)
	at javax.swing.DefaultButtonModel.fireActionPerformed(DefaultButtonModel.java:404)
	at javax.swing.DefaultButtonModel.setPressed(DefaultButtonModel.java:259)
	at javax.swing.AbstractButton.doClick(AbstractButton.java:374)
	at javax.swing.plaf.basic.BasicMenuItemUI.doClick(BasicMenuItemUI.java:829)
	at javax.swing.plaf.basic.BasicMenuItemUI$Handler.mouseReleased(BasicMenuItemUI.java:873)
	at java.awt.AWTEventMulticaster.mouseReleased(AWTEventMulticaster.java:289)
	at java.awt.Component.processMouseEvent(Component.java:6288)
	at javax.swing.JComponent.processMouseEvent(JComponent.java:3267)
	at java.awt.Component.processEvent(Component.java:6053)
	at java.awt.Container.processEvent(Container.java:2045)
	at java.awt.Component.dispatchEventImpl(Component.java:4649)
	at java.awt.Container.dispatchEventImpl(Container.java:2103)
	at java.awt.Component.dispatchEvent(Component.java:4475)
	at java.awt.LightweightDispatcher.retargetMouseEvent(Container.java:4633)
	at java.awt.LightweightDispatcher.processMouseEvent(Container.java:4297)
	at java.awt.LightweightDispatcher.dispatchEvent(Container.java:4227)
	at java.awt.Container.dispatchEventImpl(Container.java:2089)
	at java.awt.Component.dispatchEvent(Component.java:4475)
	at java.awt.EventQueue.dispatchEventImpl(EventQueue.java:675)
	at java.awt.EventQueue.access$300(EventQueue.java:96)
	at java.awt.EventQueue$2.run(EventQueue.java:634)
	at java.awt.EventQueue$2.run(EventQueue.java:632)
	at java.security.AccessController.doPrivileged(Native Method)
	at java.security.AccessControlContext$1.doIntersectionPrivilege(AccessControlContext.java:108)
	at java.security.AccessControlContext$1.doIntersectionPrivilege(AccessControlContext.java:119)
	at java.awt.EventQueue$3.run(EventQueue.java:648)
	at java.awt.EventQueue$3.run(EventQueue.java:646)
	at java.security.AccessController.doPrivileged(Native Method)
	at java.security.AccessControlContext$1.doIntersectionPrivilege(AccessControlContext.java:108)
	at java.awt.EventQueue.dispatchEvent(EventQueue.java:645)
	at java.awt.EventDispatchThread.pumpOneEventForFilters(EventDispatchThread.java:275)
	at java.awt.EventDispatchThread.pumpEventsForFilter(EventDispatchThread.java:200)
	at java.awt.EventDispatchThread.pumpEventsForHierarchy(EventDispatchThread.java:190)
	at java.awt.EventDispatchThread.pumpEvents(EventDispatchThread.java:185)
	at java.awt.EventDispatchThread.pumpEvents(EventDispatchThread.java:177)
	at java.awt.EventDispatchThread.run(EventDispatchThread.java:138)
2013-08-12 19:36:37,780 ERROR [errorlog] org.apache.xmlbeans.XmlException: Invalid QName value: Can't resolve prefix 'SOAP-ENC'
org.apache.xmlbeans.XmlException: Invalid QName value: Can't resolve prefix 'SOAP-ENC'
	at org.apache.xmlbeans.XmlBeans.wrappedException(XmlBeans.java:149)
	at org.apache.xmlbeans.XmlBeans.compileXmlBeans(XmlBeans.java:675)
	at org.apache.xmlbeans.XmlBeans.compileXsd(XmlBeans.java:553)
	at com.eviware.soapui.impl.wsdl.support.xsd.SchemaUtils.buildSchemaTypes(SchemaUtils.java:287)
	at com.eviware.soapui.impl.wsdl.support.xsd.SchemaUtils.loadSchemaTypes(SchemaUtils.java:194)
	at com.eviware.soapui.impl.support.definition.support.XmlSchemaBasedInterfaceDefinition.loadSchemaTypes(XmlSchemaBasedInterfaceDefinition.java:79)
	at com.eviware.soapui.impl.wsdl.support.wsdl.WsdlInterfaceDefinition.load(WsdlInterfaceDefinition.java:61)
	at com.eviware.soapui.impl.wsdl.support.wsdl.WsdlContext.loadDefinition(WsdlContext.java:66)
	at com.eviware.soapui.impl.wsdl.support.wsdl.WsdlContext.loadDefinition(WsdlContext.java:30)
	at com.eviware.soapui.impl.support.definition.support.AbstractDefinitionContext.cacheDefinition(AbstractDefinitionContext.java:268)
	at com.eviware.soapui.impl.support.definition.support.AbstractDefinitionContext.access$400(AbstractDefinitionContext.java:44)
	at com.eviware.soapui.impl.support.definition.support.AbstractDefinitionContext$Loader.construct(AbstractDefinitionContext.java:235)
	at com.eviware.soapui.support.swing.SwingWorkerDelegator.construct(SwingWorkerDelegator.java:46)
	at com.eviware.soapui.support.swing.SwingWorker$2.run(SwingWorker.java:149)
	at java.lang.Thread.run(Thread.java:679)
Caused by: org.apache.xmlbeans.impl.values.XmlValueOutOfRangeException: Invalid QName value: Can't resolve prefix 'SOAP-ENC'
	at org.apache.xmlbeans.impl.values.JavaQNameHolder.parse(JavaQNameHolder.java:140)
	at org.apache.xmlbeans.impl.values.JavaQNameHolder.set_text(JavaQNameHolder.java:155)
	at org.apache.xmlbeans.impl.values.XmlObjectBase.update_from_wscanon_text(XmlObjectBase.java:1166)
	at org.apache.xmlbeans.impl.values.XmlObjectBase.check_dated(XmlObjectBase.java:1305)
	at org.apache.xmlbeans.impl.values.JavaQNameHolder.getQNameValue(JavaQNameHolder.java:181)
	at org.apache.xmlbeans.impl.xb.xsdschema.impl.RestrictionTypeImpl.getBase(RestrictionTypeImpl.java:2148)
	at org.apache.xmlbeans.impl.schema.StscComplexTypeResolver.resolveCcRestriction(StscComplexTypeResolver.java:361)
	at org.apache.xmlbeans.impl.schema.StscComplexTypeResolver.resolveComplexType(StscComplexTypeResolver.java:234)
	at org.apache.xmlbeans.impl.schema.StscResolver.resolveType(StscResolver.java:87)
	at org.apache.xmlbeans.impl.schema.StscResolver.resolveAll(StscResolver.java:59)
	at org.apache.xmlbeans.impl.schema.SchemaTypeSystemCompiler.compileImpl(SchemaTypeSystemCompiler.java:307)
	at org.apache.xmlbeans.impl.schema.SchemaTypeSystemCompiler.compile(SchemaTypeSystemCompiler.java:218)
	at sun.reflect.NativeMethodAccessorImpl.invoke0(Native Method)
	at sun.reflect.NativeMethodAccessorImpl.invoke(NativeMethodAccessorImpl.java:57)
	at sun.reflect.DelegatingMethodAccessorImpl.invoke(DelegatingMethodAccessorImpl.java:43)
	at java.lang.reflect.Method.invoke(Method.java:616)
	at org.apache.xmlbeans.XmlBeans.compileXmlBeans(XmlBeans.java:667)
	... 13 more
2013-08-12 19:36:37,784 ERROR [errorlog] com.eviware.soapui.impl.wsdl.support.xsd.SchemaException
com.eviware.soapui.impl.wsdl.support.xsd.SchemaException
	at com.eviware.soapui.impl.wsdl.support.xsd.SchemaUtils.buildSchemaTypes(SchemaUtils.java:297)
	at com.eviware.soapui.impl.wsdl.support.xsd.SchemaUtils.loadSchemaTypes(SchemaUtils.java:194)
	at com.eviware.soapui.impl.support.definition.support.XmlSchemaBasedInterfaceDefinition.loadSchemaTypes(XmlSchemaBasedInterfaceDefinition.java:79)
	at com.eviware.soapui.impl.wsdl.support.wsdl.WsdlInterfaceDefinition.load(WsdlInterfaceDefinition.java:61)
	at com.eviware.soapui.impl.wsdl.support.wsdl.WsdlContext.loadDefinition(WsdlContext.java:66)
	at com.eviware.soapui.impl.wsdl.support.wsdl.WsdlContext.loadDefinition(WsdlContext.java:30)
	at com.eviware.soapui.impl.support.definition.support.AbstractDefinitionContext.cacheDefinition(AbstractDefinitionContext.java:268)
	at com.eviware.soapui.impl.support.definition.support.AbstractDefinitionContext.access$400(AbstractDefinitionContext.java:44)
	at com.eviware.soapui.impl.support.definition.support.AbstractDefinitionContext$Loader.construct(AbstractDefinitionContext.java:235)
	at com.eviware.soapui.support.swing.SwingWorkerDelegator.construct(SwingWorkerDelegator.java:46)
	at com.eviware.soapui.support.swing.SwingWorker$2.run(SwingWorker.java:149)
	at java.lang.Thread.run(Thread.java:679)
2013-08-12 19:36:37,785 ERROR [errorlog] com.eviware.soapui.impl.wsdl.support.xsd.SchemaException
com.eviware.soapui.impl.wsdl.support.xsd.SchemaException
	at com.eviware.soapui.impl.wsdl.support.xsd.SchemaUtils.buildSchemaTypes(SchemaUtils.java:297)
	at com.eviware.soapui.impl.wsdl.support.xsd.SchemaUtils.loadSchemaTypes(SchemaUtils.java:194)
	at com.eviware.soapui.impl.support.definition.support.XmlSchemaBasedInterfaceDefinition.loadSchemaTypes(XmlSchemaBasedInterfaceDefinition.java:79)
	at com.eviware.soapui.impl.wsdl.support.wsdl.WsdlInterfaceDefinition.load(WsdlInterfaceDefinition.java:61)
	at com.eviware.soapui.impl.wsdl.support.wsdl.WsdlContext.loadDefinition(WsdlContext.java:66)
	at com.eviware.soapui.impl.wsdl.support.wsdl.WsdlContext.loadDefinition(WsdlContext.java:30)
	at com.eviware.soapui.impl.support.definition.support.AbstractDefinitionContext.cacheDefinition(AbstractDefinitionContext.java:268)
	at com.eviware.soapui.impl.support.definition.support.AbstractDefinitionContext.access$400(AbstractDefinitionContext.java:44)
	at com.eviware.soapui.impl.support.definition.support.AbstractDefinitionContext$Loader.construct(AbstractDefinitionContext.java:235)
	at com.eviware.soapui.support.swing.SwingWorkerDelegator.construct(SwingWorkerDelegator.java:46)
	at com.eviware.soapui.support.swing.SwingWorker$2.run(SwingWorker.java:149)
	at java.lang.Thread.run(Thread.java:679)
2013-08-12 19:36:39,174 ERROR [errorlog] com.eviware.soapui.impl.support.definition.support.InvalidDefinitionException
com.eviware.soapui.impl.support.definition.support.InvalidDefinitionException
	at com.eviware.soapui.impl.support.definition.support.AbstractDefinitionContext.load(AbstractDefinitionContext.java:159)
	at com.eviware.soapui.impl.support.definition.support.AbstractDefinitionContext.load(AbstractDefinitionContext.java:115)
	at com.eviware.soapui.impl.wsdl.WsdlInterface.updateDefinition(WsdlInterface.java:291)
	at com.eviware.soapui.impl.wsdl.actions.iface.UpdateInterfaceAction.perform(UpdateInterfaceAction.java:125)
	at com.eviware.soapui.impl.wsdl.actions.iface.UpdateInterfaceAction.perform(UpdateInterfaceAction.java:52)
	at com.eviware.soapui.support.action.swing.SwingActionDelegate.actionPerformed(SwingActionDelegate.java:89)
	at javax.swing.AbstractButton.fireActionPerformed(AbstractButton.java:2012)
	at javax.swing.AbstractButton$Handler.actionPerformed(AbstractButton.java:2335)
	at javax.swing.DefaultButtonModel.fireActionPerformed(DefaultButtonModel.java:404)
	at javax.swing.DefaultButtonModel.setPressed(DefaultButtonModel.java:259)
	at javax.swing.AbstractButton.doClick(AbstractButton.java:374)
	at javax.swing.plaf.basic.BasicMenuItemUI.doClick(BasicMenuItemUI.java:829)
	at javax.swing.plaf.basic.BasicMenuItemUI$Handler.mouseReleased(BasicMenuItemUI.java:873)
	at java.awt.AWTEventMulticaster.mouseReleased(AWTEventMulticaster.java:289)
	at java.awt.Component.processMouseEvent(Component.java:6288)
	at javax.swing.JComponent.processMouseEvent(JComponent.java:3267)
	at java.awt.Component.processEvent(Component.java:6053)
	at java.awt.Container.processEvent(Container.java:2045)
	at java.awt.Component.dispatchEventImpl(Component.java:4649)
	at java.awt.Container.dispatchEventImpl(Container.java:2103)
	at java.awt.Component.dispatchEvent(Component.java:4475)
	at java.awt.LightweightDispatcher.retargetMouseEvent(Container.java:4633)
	at java.awt.LightweightDispatcher.processMouseEvent(Container.java:4297)
	at java.awt.LightweightDispatcher.dispatchEvent(Container.java:4227)
	at java.awt.Container.dispatchEventImpl(Container.java:2089)
	at java.awt.Component.dispatchEvent(Component.java:4475)
	at java.awt.EventQueue.dispatchEventImpl(EventQueue.java:675)
	at java.awt.EventQueue.access$300(EventQueue.java:96)
	at java.awt.EventQueue$2.run(EventQueue.java:634)
	at java.awt.EventQueue$2.run(EventQueue.java:632)
	at java.security.AccessController.doPrivileged(Native Method)
	at java.security.AccessControlContext$1.doIntersectionPrivilege(AccessControlContext.java:108)
	at java.security.AccessControlContext$1.doIntersectionPrivilege(AccessControlContext.java:119)
	at java.awt.EventQueue$3.run(EventQueue.java:648)
	at java.awt.EventQueue$3.run(EventQueue.java:646)
	at java.security.AccessController.doPrivileged(Native Method)
	at java.security.AccessControlContext$1.doIntersectionPrivilege(AccessControlContext.java:108)
	at java.awt.EventQueue.dispatchEvent(EventQueue.java:645)
	at java.awt.EventDispatchThread.pumpOneEventForFilters(EventDispatchThread.java:275)
	at java.awt.EventDispatchThread.pumpEventsForFilter(EventDispatchThread.java:200)
	at java.awt.EventDispatchThread.pumpEventsForHierarchy(EventDispatchThread.java:190)
	at java.awt.EventDispatchThread.pumpEvents(EventDispatchThread.java:185)
	at java.awt.EventDispatchThread.pumpEvents(EventDispatchThread.java:177)
	at java.awt.EventDispatchThread.run(EventDispatchThread.java:138)
2013-08-12 19:44:21,058 ERROR [errorlog] java.lang.NullPointerException
java.lang.NullPointerException
	at com.eviware.soapui.impl.wsdl.submit.transports.jms.util.HermesUtils.addHermesJarsToClasspath(HermesUtils.java:120)
	at com.eviware.soapui.impl.wsdl.submit.transports.jms.util.HermesUtils.getHermes(HermesUtils.java:74)
	at com.eviware.soapui.impl.wsdl.submit.transports.jms.util.HermesUtils.hermesContext(HermesUtils.java:63)
	at com.eviware.soapui.impl.wsdl.actions.iface.AddJMSEndpointAction.getHermesContext(AddJMSEndpointAction.java:179)
	at com.eviware.soapui.impl.wsdl.actions.iface.AddJMSEndpointAction.getSessionOptions(AddJMSEndpointAction.java:110)
	at com.eviware.soapui.impl.wsdl.actions.iface.AddJMSEndpointAction.initValues(AddJMSEndpointAction.java:133)
	at com.eviware.soapui.impl.wsdl.actions.iface.AddJMSEndpointAction.perform(AddJMSEndpointAction.java:65)
	at com.eviware.soapui.impl.wsdl.actions.iface.AddJMSEndpointAction.perform(AddJMSEndpointAction.java:45)
	at com.eviware.soapui.support.action.swing.SwingActionDelegate.actionPerformed(SwingActionDelegate.java:89)
	at javax.swing.AbstractButton.fireActionPerformed(AbstractButton.java:2012)
	at javax.swing.AbstractButton$Handler.actionPerformed(AbstractButton.java:2335)
	at javax.swing.DefaultButtonModel.fireActionPerformed(DefaultButtonModel.java:404)
	at javax.swing.DefaultButtonModel.setPressed(DefaultButtonModel.java:259)
	at javax.swing.AbstractButton.doClick(AbstractButton.java:374)
	at javax.swing.plaf.basic.BasicMenuItemUI.doClick(BasicMenuItemUI.java:829)
	at javax.swing.plaf.basic.BasicMenuItemUI$Handler.mouseReleased(BasicMenuItemUI.java:873)
	at java.awt.AWTEventMulticaster.mouseReleased(AWTEventMulticaster.java:289)
	at java.awt.Component.processMouseEvent(Component.java:6288)
	at javax.swing.JComponent.processMouseEvent(JComponent.java:3267)
	at java.awt.Component.processEvent(Component.java:6053)
	at java.awt.Container.processEvent(Container.java:2045)
	at java.awt.Component.dispatchEventImpl(Component.java:4649)
	at java.awt.Container.dispatchEventImpl(Container.java:2103)
	at java.awt.Component.dispatchEvent(Component.java:4475)
	at java.awt.LightweightDispatcher.retargetMouseEvent(Container.java:4633)
	at java.awt.LightweightDispatcher.processMouseEvent(Container.java:4297)
	at java.awt.LightweightDispatcher.dispatchEvent(Container.java:4227)
	at java.awt.Container.dispatchEventImpl(Container.java:2089)
	at java.awt.Component.dispatchEvent(Component.java:4475)
	at java.awt.EventQueue.dispatchEventImpl(EventQueue.java:675)
	at java.awt.EventQueue.access$300(EventQueue.java:96)
	at java.awt.EventQueue$2.run(EventQueue.java:634)
	at java.awt.EventQueue$2.run(EventQueue.java:632)
	at java.security.AccessController.doPrivileged(Native Method)
	at java.security.AccessControlContext$1.doIntersectionPrivilege(AccessControlContext.java:108)
	at java.security.AccessControlContext$1.doIntersectionPrivilege(AccessControlContext.java:119)
	at java.awt.EventQueue$3.run(EventQueue.java:648)
	at java.awt.EventQueue$3.run(EventQueue.java:646)
	at java.security.AccessController.doPrivileged(Native Method)
	at java.security.AccessControlContext$1.doIntersectionPrivilege(AccessControlContext.java:108)
	at java.awt.EventQueue.dispatchEvent(EventQueue.java:645)
	at java.awt.EventDispatchThread.pumpOneEventForFilters(EventDispatchThread.java:275)
	at java.awt.EventDispatchThread.pumpEventsForFilter(EventDispatchThread.java:200)
	at java.awt.EventDispatchThread.pumpEventsForHierarchy(EventDispatchThread.java:190)
	at java.awt.EventDispatchThread.pumpEvents(EventDispatchThread.java:185)
	at java.awt.EventDispatchThread.pumpEvents(EventDispatchThread.java:177)
	at java.awt.EventDispatchThread.run(EventDispatchThread.java:138)
